INFO - 2023-07-04 00:01:06 --> Session: Class initialized using 'CodeIgniter\Session\Handlers\FileHandler' driver.
INFO - 2023-07-04 00:03:19 --> Session: Class initialized using 'CodeIgniter\Session\Handlers\FileHandler' driver.
INFO - 2023-07-04 00:03:49 --> Session: Class initialized using 'CodeIgniter\Session\Handlers\FileHandler' driver.
CRITICAL - 2023-07-04 00:03:58 --> Call to a member function insert() on null
in APPPATH\Controllers\regisCont.php on line 15.
 1 SYSTEMPATH\CodeIgniter.php(934): App\Controllers\regisCont->user_add()
 2 SYSTEMPATH\CodeIgniter.php(499): CodeIgniter\CodeIgniter->runController(Object(App\Controllers\regisCont))
 3 SYSTEMPATH\CodeIgniter.php(368): CodeIgniter\CodeIgniter->handleRequest(null, Object(Config\Cache), false)
 4 FCPATH\index.php(67): CodeIgniter\CodeIgniter->run()
CRITICAL - 2023-07-04 00:05:38 --> Call to a member function insert() on null
in APPPATH\Controllers\regisCont.php on line 15.
 1 SYSTEMPATH\CodeIgniter.php(934): App\Controllers\regisCont->user_add()
 2 SYSTEMPATH\CodeIgniter.php(499): CodeIgniter\CodeIgniter->runController(Object(App\Controllers\regisCont))
 3 SYSTEMPATH\CodeIgniter.php(368): CodeIgniter\CodeIgniter->handleRequest(null, Object(Config\Cache), false)
 4 FCPATH\index.php(67): CodeIgniter\CodeIgniter->run()
CRITICAL - 2023-07-04 00:07:34 --> Call to a member function insert() on null
in APPPATH\Controllers\regisCont.php on line 15.
 1 SYSTEMPATH\CodeIgniter.php(934): App\Controllers\regisCont->user_add()
 2 SYSTEMPATH\CodeIgniter.php(499): CodeIgniter\CodeIgniter->runController(Object(App\Controllers\regisCont))
 3 SYSTEMPATH\CodeIgniter.php(368): CodeIgniter\CodeIgniter->handleRequest(null, Object(Config\Cache), false)
 4 FCPATH\index.php(67): CodeIgniter\CodeIgniter->run()
INFO - 2023-07-04 00:18:12 --> Session: Class initialized using 'CodeIgniter\Session\Handlers\FileHandler' driver.
CRITICAL - 2023-07-04 00:18:49 --> View themes, no current section.
in SYSTEMPATH\View\View.php on line 394.
 1 APPPATH\Views\register.php(138): CodeIgniter\View\View->endSection()
 2 SYSTEMPATH\View\View.php(213): include('C:\\xampp  baru\\htdocs\\CI4\\app\\Views\\register.php')
 3 SYSTEMPATH\View\View.php(216): CodeIgniter\View\View->CodeIgniter\View\{closure}()
 4 SYSTEMPATH\Common.php(1184): CodeIgniter\View\View->render('register', [], true)
 5 APPPATH\Controllers\regisCont.php(11): view('register')
 6 SYSTEMPATH\CodeIgniter.php(934): App\Controllers\regisCont->register()
 7 SYSTEMPATH\CodeIgniter.php(499): CodeIgniter\CodeIgniter->runController(Object(App\Controllers\regisCont))
 8 SYSTEMPATH\CodeIgniter.php(368): CodeIgniter\CodeIgniter->handleRequest(null, Object(Config\Cache), false)
 9 FCPATH\index.php(67): CodeIgniter\CodeIgniter->run()
INFO - 2023-07-04 00:19:00 --> Session: Class initialized using 'CodeIgniter\Session\Handlers\FileHandler' driver.
CRITICAL - 2023-07-04 00:19:03 --> View themes, no current section.
in SYSTEMPATH\View\View.php on line 394.
 1 APPPATH\Views\register.php(138): CodeIgniter\View\View->endSection()
 2 SYSTEMPATH\View\View.php(213): include('C:\\xampp  baru\\htdocs\\CI4\\app\\Views\\register.php')
 3 SYSTEMPATH\View\View.php(216): CodeIgniter\View\View->CodeIgniter\View\{closure}()
 4 SYSTEMPATH\Common.php(1184): CodeIgniter\View\View->render('register', [], true)
 5 APPPATH\Controllers\regisCont.php(11): view('register')
 6 SYSTEMPATH\CodeIgniter.php(934): App\Controllers\regisCont->register()
 7 SYSTEMPATH\CodeIgniter.php(499): CodeIgniter\CodeIgniter->runController(Object(App\Controllers\regisCont))
 8 SYSTEMPATH\CodeIgniter.php(368): CodeIgniter\CodeIgniter->handleRequest(null, Object(Config\Cache), false)
 9 FCPATH\index.php(67): CodeIgniter\CodeIgniter->run()
INFO - 2023-07-04 00:19:56 --> Session: Class initialized using 'CodeIgniter\Session\Handlers\FileHandler' driver.
INFO - 2023-07-04 00:20:59 --> Session: Class initialized using 'CodeIgniter\Session\Handlers\FileHandler' driver.
CRITICAL - 2023-07-04 00:21:07 --> Call to a member function insert() on null
in APPPATH\Controllers\regisCont.php on line 15.
 1 SYSTEMPATH\CodeIgniter.php(934): App\Controllers\regisCont->user_add()
 2 SYSTEMPATH\CodeIgniter.php(499): CodeIgniter\CodeIgniter->runController(Object(App\Controllers\regisCont))
 3 SYSTEMPATH\CodeIgniter.php(368): CodeIgniter\CodeIgniter->handleRequest(null, Object(Config\Cache), false)
 4 FCPATH\index.php(67): CodeIgniter\CodeIgniter->run()
INFO - 2023-07-04 00:44:35 --> Session: Class initialized using 'CodeIgniter\Session\Handlers\FileHandler' driver.
INFO - 2023-07-04 00:44:36 --> Session: Class initialized using 'CodeIgniter\Session\Handlers\FileHandler' driver.
INFO - 2023-07-04 00:44:40 --> Session: Class initialized using 'CodeIgniter\Session\Handlers\FileHandler' driver.
INFO - 2023-07-04 00:44:41 --> Session: Class initialized using 'CodeIgniter\Session\Handlers\FileHandler' driver.
INFO - 2023-07-04 00:44:49 --> Session: Class initialized using 'CodeIgniter\Session\Handlers\FileHandler' driver.
INFO - 2023-07-04 00:44:49 --> Session: Class initialized using 'CodeIgniter\Session\Handlers\FileHandler' driver.
INFO - 2023-07-04 00:44:57 --> Session: Class initialized using 'CodeIgniter\Session\Handlers\FileHandler' driver.
INFO - 2023-07-04 00:47:24 --> Session: Class initialized using 'CodeIgniter\Session\Handlers\FileHandler' driver.
INFO - 2023-07-04 00:47:24 --> Session: Class initialized using 'CodeIgniter\Session\Handlers\FileHandler' driver.
INFO - 2023-07-04 00:47:31 --> Session: Class initialized using 'CodeIgniter\Session\Handlers\FileHandler' driver.
CRITICAL - 2023-07-04 00:47:39 --> Call to a member function insert() on null
in APPPATH\Controllers\regisCont.php on line 16.
 1 SYSTEMPATH\CodeIgniter.php(934): App\Controllers\regisCont->user_add()
 2 SYSTEMPATH\CodeIgniter.php(499): CodeIgniter\CodeIgniter->runController(Object(App\Controllers\regisCont))
 3 SYSTEMPATH\CodeIgniter.php(368): CodeIgniter\CodeIgniter->handleRequest(null, Object(Config\Cache), false)
 4 FCPATH\index.php(67): CodeIgniter\CodeIgniter->run()
CRITICAL - 2023-07-04 00:47:55 --> Call to a member function insert() on null
in APPPATH\Controllers\regisCont.php on line 16.
 1 SYSTEMPATH\CodeIgniter.php(934): App\Controllers\regisCont->user_add()
 2 SYSTEMPATH\CodeIgniter.php(499): CodeIgniter\CodeIgniter->runController(Object(App\Controllers\regisCont))
 3 SYSTEMPATH\CodeIgniter.php(368): CodeIgniter\CodeIgniter->handleRequest(null, Object(Config\Cache), false)
 4 FCPATH\index.php(67): CodeIgniter\CodeIgniter->run()
INFO - 2023-07-04 00:47:57 --> Session: Class initialized using 'CodeIgniter\Session\Handlers\FileHandler' driver.
CRITICAL - 2023-07-04 00:48:03 --> Call to a member function insert() on null
in APPPATH\Controllers\regisCont.php on line 16.
 1 SYSTEMPATH\CodeIgniter.php(934): App\Controllers\regisCont->user_add()
 2 SYSTEMPATH\CodeIgniter.php(499): CodeIgniter\CodeIgniter->runController(Object(App\Controllers\regisCont))
 3 SYSTEMPATH\CodeIgniter.php(368): CodeIgniter\CodeIgniter->handleRequest(null, Object(Config\Cache), false)
 4 FCPATH\index.php(67): CodeIgniter\CodeIgniter->run()
CRITICAL - 2023-07-04 00:55:12 --> Call to a member function insert() on null
in APPPATH\Controllers\regisCont.php on line 21.
 1 SYSTEMPATH\CodeIgniter.php(934): App\Controllers\regisCont->user_add()
 2 SYSTEMPATH\CodeIgniter.php(499): CodeIgniter\CodeIgniter->runController(Object(App\Controllers\regisCont))
 3 SYSTEMPATH\CodeIgniter.php(368): CodeIgniter\CodeIgniter->handleRequest(null, Object(Config\Cache), false)
 4 FCPATH\index.php(67): CodeIgniter\CodeIgniter->run()
INFO - 2023-07-04 00:55:35 --> Session: Class initialized using 'CodeIgniter\Session\Handlers\FileHandler' driver.
INFO - 2023-07-04 00:55:35 --> Session: Class initialized using 'CodeIgniter\Session\Handlers\FileHandler' driver.
INFO - 2023-07-04 00:55:35 --> Session: Class initialized using 'CodeIgniter\Session\Handlers\FileHandler' driver.
INFO - 2023-07-04 00:55:40 --> Session: Class initialized using 'CodeIgniter\Session\Handlers\FileHandler' driver.
INFO - 2023-07-04 00:55:47 --> Session: Class initialized using 'CodeIgniter\Session\Handlers\FileHandler' driver.
INFO - 2023-07-04 00:55:48 --> Session: Class initialized using 'CodeIgniter\Session\Handlers\FileHandler' driver.
INFO - 2023-07-04 00:55:48 --> Session: Class initialized using 'CodeIgniter\Session\Handlers\FileHandler' driver.
INFO - 2023-07-04 01:09:37 --> Session: Class initialized using 'CodeIgniter\Session\Handlers\FileHandler' driver.
INFO - 2023-07-04 01:09:49 --> Session: Class initialized using 'CodeIgniter\Session\Handlers\FileHandler' driver.
INFO - 2023-07-04 01:09:50 --> Session: Class initialized using 'CodeIgniter\Session\Handlers\FileHandler' driver.
INFO - 2023-07-04 01:09:57 --> Session: Class initialized using 'CodeIgniter\Session\Handlers\FileHandler' driver.
INFO - 2023-07-04 01:25:41 --> Session: Class initialized using 'CodeIgniter\Session\Handlers\FileHandler' driver.
INFO - 2023-07-04 01:25:46 --> Session: Class initialized using 'CodeIgniter\Session\Handlers\FileHandler' driver.
INFO - 2023-07-04 01:28:44 --> Session: Class initialized using 'CodeIgniter\Session\Handlers\FileHandler' driver.
INFO - 2023-07-04 01:28:48 --> Session: Class initialized using 'CodeIgniter\Session\Handlers\FileHandler' driver.
INFO - 2023-07-04 01:28:49 --> Session: Class initialized using 'CodeIgniter\Session\Handlers\FileHandler' driver.
INFO - 2023-07-04 01:28:56 --> Session: Class initialized using 'CodeIgniter\Session\Handlers\FileHandler' driver.
INFO - 2023-07-04 01:28:56 --> Session: Class initialized using 'CodeIgniter\Session\Handlers\FileHandler' driver.
INFO - 2023-07-04 01:29:00 --> Session: Class initialized using 'CodeIgniter\Session\Handlers\FileHandler' driver.
INFO - 2023-07-04 01:33:43 --> Session: Class initialized using 'CodeIgniter\Session\Handlers\FileHandler' driver.
INFO - 2023-07-04 01:39:19 --> Session: Class initialized using 'CodeIgniter\Session\Handlers\FileHandler' driver.
INFO - 2023-07-04 01:39:22 --> Session: Class initialized using 'CodeIgniter\Session\Handlers\FileHandler' driver.
INFO - 2023-07-04 01:39:23 --> Session: Class initialized using 'CodeIgniter\Session\Handlers\FileHandler' driver.
WARNING - 2023-07-04 01:39:25 --> [DEPRECATED] Creation of dynamic property App\Controllers\regisCont::$validation is deprecated in APPPATH\Controllers\regisCont.php on line 14.
 1 SYSTEMPATH\CodeIgniter.php(906): App\Controllers\regisCont->__construct()
 2 SYSTEMPATH\CodeIgniter.php(490): CodeIgniter\CodeIgniter->createController()
 3 SYSTEMPATH\CodeIgniter.php(368): CodeIgniter\CodeIgniter->handleRequest(null, Object(Config\Cache), false)
 4 FCPATH\index.php(67): CodeIgniter\CodeIgniter->run()
CRITICAL - 2023-07-04 01:39:25 --> Undefined variable $data
in APPPATH\Controllers\regisCont.php on line 21.
 1 APPPATH\Controllers\regisCont.php(21): CodeIgniter\Debug\Exceptions->errorHandler(2, 'Undefined variable $data', 'C:\\xampp  baru\\htdocs\\CI4\\app\\Controllers\\regisCont.php', 21)
 2 SYSTEMPATH\CodeIgniter.php(934): App\Controllers\regisCont->register()
 3 SYSTEMPATH\CodeIgniter.php(499): CodeIgniter\CodeIgniter->runController(Object(App\Controllers\regisCont))
 4 SYSTEMPATH\CodeIgniter.php(368): CodeIgniter\CodeIgniter->handleRequest(null, Object(Config\Cache), false)
 5 FCPATH\index.php(67): CodeIgniter\CodeIgniter->run()
WARNING - 2023-07-04 01:39:44 --> [DEPRECATED] Creation of dynamic property App\Controllers\regisCont::$validation is deprecated in APPPATH\Controllers\regisCont.php on line 14.
 1 SYSTEMPATH\CodeIgniter.php(906): App\Controllers\regisCont->__construct()
 2 SYSTEMPATH\CodeIgniter.php(490): CodeIgniter\CodeIgniter->createController()
 3 SYSTEMPATH\CodeIgniter.php(368): CodeIgniter\CodeIgniter->handleRequest(null, Object(Config\Cache), false)
 4 FCPATH\index.php(67): CodeIgniter\CodeIgniter->run()
INFO - 2023-07-04 01:39:44 --> Session: Class initialized using 'CodeIgniter\Session\Handlers\FileHandler' driver.
WARNING - 2023-07-04 01:39:56 --> [DEPRECATED] Creation of dynamic property App\Controllers\regisCont::$validation is deprecated in APPPATH\Controllers\regisCont.php on line 14.
 1 SYSTEMPATH\CodeIgniter.php(906): App\Controllers\regisCont->__construct()
 2 SYSTEMPATH\CodeIgniter.php(490): CodeIgniter\CodeIgniter->createController()
 3 SYSTEMPATH\CodeIgniter.php(368): CodeIgniter\CodeIgniter->handleRequest(null, Object(Config\Cache), false)
 4 FCPATH\index.php(67): CodeIgniter\CodeIgniter->run()
CRITICAL - 2023-07-04 01:39:56 --> "user" is not a validation rules group.
in SYSTEMPATH\Validation\Validation.php on line 636.
 1 SYSTEMPATH\Validation\Validation.php(636): CodeIgniter\Validation\Exceptions\ValidationException::forGroupNotFound('user')
 2 SYSTEMPATH\Validation\Validation.php(128): CodeIgniter\Validation\Validation->loadRuleGroup('user')
 3 APPPATH\Controllers\regisCont.php(27): CodeIgniter\Validation\Validation->run([...], 'user')
 4 SYSTEMPATH\CodeIgniter.php(934): App\Controllers\regisCont->user_add()
 5 SYSTEMPATH\CodeIgniter.php(499): CodeIgniter\CodeIgniter->runController(Object(App\Controllers\regisCont))
 6 SYSTEMPATH\CodeIgniter.php(368): CodeIgniter\CodeIgniter->handleRequest(null, Object(Config\Cache), false)
 7 FCPATH\index.php(67): CodeIgniter\CodeIgniter->run()
WARNING - 2023-07-04 01:47:35 --> [DEPRECATED] Creation of dynamic property App\Controllers\regisCont::$validation is deprecated in APPPATH\Controllers\regisCont.php on line 14.
 1 SYSTEMPATH\CodeIgniter.php(906): App\Controllers\regisCont->__construct()
 2 SYSTEMPATH\CodeIgniter.php(490): CodeIgniter\CodeIgniter->createController()
 3 SYSTEMPATH\CodeIgniter.php(368): CodeIgniter\CodeIgniter->handleRequest(null, Object(Config\Cache), false)
 4 FCPATH\index.php(67): CodeIgniter\CodeIgniter->run()
CRITICAL - 2023-07-04 01:47:35 --> "{field} Harus Diisi" is not a valid rule.
in SYSTEMPATH\Validation\Validation.php on line 329.
 1 SYSTEMPATH\Validation\Validation.php(329): CodeIgniter\Validation\Exceptions\ValidationException::forRuleNotFound('{field} Harus Diisi')
 2 SYSTEMPATH\Validation\Validation.php(179): CodeIgniter\Validation\Validation->processRules('username', 'username', 'kkk', [...], [...])
 3 APPPATH\Controllers\regisCont.php(27): CodeIgniter\Validation\Validation->run([...], 'user')
 4 SYSTEMPATH\CodeIgniter.php(934): App\Controllers\regisCont->user_add()
 5 SYSTEMPATH\CodeIgniter.php(499): CodeIgniter\CodeIgniter->runController(Object(App\Controllers\regisCont))
 6 SYSTEMPATH\CodeIgniter.php(368): CodeIgniter\CodeIgniter->handleRequest(null, Object(Config\Cache), false)
 7 FCPATH\index.php(67): CodeIgniter\CodeIgniter->run()
WARNING - 2023-07-04 01:48:44 --> [DEPRECATED] Creation of dynamic property App\Controllers\regisCont::$validation is deprecated in APPPATH\Controllers\regisCont.php on line 14.
 1 SYSTEMPATH\CodeIgniter.php(906): App\Controllers\regisCont->__construct()
 2 SYSTEMPATH\CodeIgniter.php(490): CodeIgniter\CodeIgniter->createController()
 3 SYSTEMPATH\CodeIgniter.php(368): CodeIgniter\CodeIgniter->handleRequest(null, Object(Config\Cache), false)
 4 FCPATH\index.php(67): CodeIgniter\CodeIgniter->run()
CRITICAL - 2023-07-04 01:48:44 --> "username" is not a validation rules group.
in SYSTEMPATH\Validation\Validation.php on line 636.
 1 SYSTEMPATH\Validation\Validation.php(636): CodeIgniter\Validation\Exceptions\ValidationException::forGroupNotFound('username')
 2 SYSTEMPATH\Validation\Validation.php(128): CodeIgniter\Validation\Validation->loadRuleGroup('username')
 3 APPPATH\Controllers\regisCont.php(27): CodeIgniter\Validation\Validation->run([...], 'username')
 4 SYSTEMPATH\CodeIgniter.php(934): App\Controllers\regisCont->user_add()
 5 SYSTEMPATH\CodeIgniter.php(499): CodeIgniter\CodeIgniter->runController(Object(App\Controllers\regisCont))
 6 SYSTEMPATH\CodeIgniter.php(368): CodeIgniter\CodeIgniter->handleRequest(null, Object(Config\Cache), false)
 7 FCPATH\index.php(67): CodeIgniter\CodeIgniter->run()
WARNING - 2023-07-04 01:49:14 --> [DEPRECATED] Creation of dynamic property App\Controllers\regisCont::$validation is deprecated in APPPATH\Controllers\regisCont.php on line 14.
 1 SYSTEMPATH\CodeIgniter.php(906): App\Controllers\regisCont->__construct()
 2 SYSTEMPATH\CodeIgniter.php(490): CodeIgniter\CodeIgniter->createController()
 3 SYSTEMPATH\CodeIgniter.php(368): CodeIgniter\CodeIgniter->handleRequest(null, Object(Config\Cache), false)
 4 FCPATH\index.php(67): CodeIgniter\CodeIgniter->run()
INFO - 2023-07-04 01:49:14 --> Session: Class initialized using 'CodeIgniter\Session\Handlers\FileHandler' driver.
WARNING - 2023-07-04 01:49:15 --> [DEPRECATED] Creation of dynamic property App\Controllers\regisCont::$validation is deprecated in APPPATH\Controllers\regisCont.php on line 14.
 1 SYSTEMPATH\CodeIgniter.php(906): App\Controllers\regisCont->__construct()
 2 SYSTEMPATH\CodeIgniter.php(490): CodeIgniter\CodeIgniter->createController()
 3 SYSTEMPATH\CodeIgniter.php(368): CodeIgniter\CodeIgniter->handleRequest(null, Object(Config\Cache), false)
 4 FCPATH\index.php(67): CodeIgniter\CodeIgniter->run()
INFO - 2023-07-04 01:49:15 --> Session: Class initialized using 'CodeIgniter\Session\Handlers\FileHandler' driver.
WARNING - 2023-07-04 01:49:26 --> [DEPRECATED] Creation of dynamic property App\Controllers\regisCont::$validation is deprecated in APPPATH\Controllers\regisCont.php on line 14.
 1 SYSTEMPATH\CodeIgniter.php(906): App\Controllers\regisCont->__construct()
 2 SYSTEMPATH\CodeIgniter.php(490): CodeIgniter\CodeIgniter->createController()
 3 SYSTEMPATH\CodeIgniter.php(368): CodeIgniter\CodeIgniter->handleRequest(null, Object(Config\Cache), false)
 4 FCPATH\index.php(67): CodeIgniter\CodeIgniter->run()
CRITICAL - 2023-07-04 01:49:26 --> Call to a member function isValid() on null
in APPPATH\Controllers\regisCont.php on line 38.
 1 SYSTEMPATH\CodeIgniter.php(934): App\Controllers\regisCont->user_add()
 2 SYSTEMPATH\CodeIgniter.php(499): CodeIgniter\CodeIgniter->runController(Object(App\Controllers\regisCont))
 3 SYSTEMPATH\CodeIgniter.php(368): CodeIgniter\CodeIgniter->handleRequest(null, Object(Config\Cache), false)
 4 FCPATH\index.php(67): CodeIgniter\CodeIgniter->run()
WARNING - 2023-07-04 01:52:48 --> [DEPRECATED] Creation of dynamic property App\Controllers\regisCont::$validation is deprecated in APPPATH\Controllers\regisCont.php on line 14.
 1 SYSTEMPATH\CodeIgniter.php(906): App\Controllers\regisCont->__construct()
 2 SYSTEMPATH\CodeIgniter.php(490): CodeIgniter\CodeIgniter->createController()
 3 SYSTEMPATH\CodeIgniter.php(368): CodeIgniter\CodeIgniter->handleRequest(null, Object(Config\Cache), false)
 4 FCPATH\index.php(67): CodeIgniter\CodeIgniter->run()
CRITICAL - 2023-07-04 01:52:48 --> "register" is not a validation rules group.
in SYSTEMPATH\Validation\Validation.php on line 636.
 1 SYSTEMPATH\Validation\Validation.php(636): CodeIgniter\Validation\Exceptions\ValidationException::forGroupNotFound('register')
 2 SYSTEMPATH\Validation\Validation.php(128): CodeIgniter\Validation\Validation->loadRuleGroup('register')
 3 APPPATH\Controllers\regisCont.php(27): CodeIgniter\Validation\Validation->run([...], 'register')
 4 SYSTEMPATH\CodeIgniter.php(934): App\Controllers\regisCont->user_add()
 5 SYSTEMPATH\CodeIgniter.php(499): CodeIgniter\CodeIgniter->runController(Object(App\Controllers\regisCont))
 6 SYSTEMPATH\CodeIgniter.php(368): CodeIgniter\CodeIgniter->handleRequest(null, Object(Config\Cache), false)
 7 FCPATH\index.php(67): CodeIgniter\CodeIgniter->run()
WARNING - 2023-07-04 01:53:32 --> [DEPRECATED] Creation of dynamic property App\Controllers\regisCont::$validation is deprecated in APPPATH\Controllers\regisCont.php on line 14.
 1 SYSTEMPATH\CodeIgniter.php(906): App\Controllers\regisCont->__construct()
 2 SYSTEMPATH\CodeIgniter.php(490): CodeIgniter\CodeIgniter->createController()
 3 SYSTEMPATH\CodeIgniter.php(368): CodeIgniter\CodeIgniter->handleRequest(null, Object(Config\Cache), false)
 4 FCPATH\index.php(67): CodeIgniter\CodeIgniter->run()
CRITICAL - 2023-07-04 01:53:32 --> "username" is not a validation rules group.
in SYSTEMPATH\Validation\Validation.php on line 636.
 1 SYSTEMPATH\Validation\Validation.php(636): CodeIgniter\Validation\Exceptions\ValidationException::forGroupNotFound('username')
 2 SYSTEMPATH\Validation\Validation.php(128): CodeIgniter\Validation\Validation->loadRuleGroup('username')
 3 APPPATH\Controllers\regisCont.php(27): CodeIgniter\Validation\Validation->run([...], 'username')
 4 SYSTEMPATH\CodeIgniter.php(934): App\Controllers\regisCont->user_add()
 5 SYSTEMPATH\CodeIgniter.php(499): CodeIgniter\CodeIgniter->runController(Object(App\Controllers\regisCont))
 6 SYSTEMPATH\CodeIgniter.php(368): CodeIgniter\CodeIgniter->handleRequest(null, Object(Config\Cache), false)
 7 FCPATH\index.php(67): CodeIgniter\CodeIgniter->run()
WARNING - 2023-07-04 01:54:03 --> [DEPRECATED] Creation of dynamic property App\Controllers\regisCont::$validation is deprecated in APPPATH\Controllers\regisCont.php on line 14.
 1 SYSTEMPATH\CodeIgniter.php(906): App\Controllers\regisCont->__construct()
 2 SYSTEMPATH\CodeIgniter.php(490): CodeIgniter\CodeIgniter->createController()
 3 SYSTEMPATH\CodeIgniter.php(368): CodeIgniter\CodeIgniter->handleRequest(null, Object(Config\Cache), false)
 4 FCPATH\index.php(67): CodeIgniter\CodeIgniter->run()
INFO - 2023-07-04 01:54:03 --> Session: Class initialized using 'CodeIgniter\Session\Handlers\FileHandler' driver.
WARNING - 2023-07-04 01:54:03 --> [DEPRECATED] Creation of dynamic property App\Controllers\regisCont::$validation is deprecated in APPPATH\Controllers\regisCont.php on line 14.
 1 SYSTEMPATH\CodeIgniter.php(906): App\Controllers\regisCont->__construct()
 2 SYSTEMPATH\CodeIgniter.php(490): CodeIgniter\CodeIgniter->createController()
 3 SYSTEMPATH\CodeIgniter.php(368): CodeIgniter\CodeIgniter->handleRequest(null, Object(Config\Cache), false)
 4 FCPATH\index.php(67): CodeIgniter\CodeIgniter->run()
INFO - 2023-07-04 01:54:04 --> Session: Class initialized using 'CodeIgniter\Session\Handlers\FileHandler' driver.
INFO - 2023-07-04 01:56:53 --> Session: Class initialized using 'CodeIgniter\Session\Handlers\FileHandler' driver.
INFO - 2023-07-04 01:58:54 --> Session: Class initialized using 'CodeIgniter\Session\Handlers\FileHandler' driver.
WARNING - 2023-07-04 01:58:57 --> [DEPRECATED] Creation of dynamic property App\Controllers\regisCont::$validation is deprecated in APPPATH\Controllers\regisCont.php on line 14.
 1 SYSTEMPATH\CodeIgniter.php(906): App\Controllers\regisCont->__construct()
 2 SYSTEMPATH\CodeIgniter.php(490): CodeIgniter\CodeIgniter->createController()
 3 SYSTEMPATH\CodeIgniter.php(368): CodeIgniter\CodeIgniter->handleRequest(null, Object(Config\Cache), false)
 4 FCPATH\index.php(67): CodeIgniter\CodeIgniter->run()
INFO - 2023-07-04 01:58:57 --> Session: Class initialized using 'CodeIgniter\Session\Handlers\FileHandler' driver.
WARNING - 2023-07-04 01:59:10 --> [DEPRECATED] Creation of dynamic property App\Controllers\regisCont::$validation is deprecated in APPPATH\Controllers\regisCont.php on line 14.
 1 SYSTEMPATH\CodeIgniter.php(906): App\Controllers\regisCont->__construct()
 2 SYSTEMPATH\CodeIgniter.php(490): CodeIgniter\CodeIgniter->createController()
 3 SYSTEMPATH\CodeIgniter.php(368): CodeIgniter\CodeIgniter->handleRequest(null, Object(Config\Cache), false)
 4 FCPATH\index.php(67): CodeIgniter\CodeIgniter->run()
INFO - 2023-07-04 01:59:10 --> Session: Class initialized using 'CodeIgniter\Session\Handlers\FileHandler' driver.
WARNING - 2023-07-04 01:59:11 --> [DEPRECATED] Creation of dynamic property App\Controllers\regisCont::$validation is deprecated in APPPATH\Controllers\regisCont.php on line 14.
 1 SYSTEMPATH\CodeIgniter.php(906): App\Controllers\regisCont->__construct()
 2 SYSTEMPATH\CodeIgniter.php(490): CodeIgniter\CodeIgniter->createController()
 3 SYSTEMPATH\CodeIgniter.php(368): CodeIgniter\CodeIgniter->handleRequest(null, Object(Config\Cache), false)
 4 FCPATH\index.php(67): CodeIgniter\CodeIgniter->run()
INFO - 2023-07-04 01:59:11 --> Session: Class initialized using 'CodeIgniter\Session\Handlers\FileHandler' driver.
WARNING - 2023-07-04 01:59:40 --> [DEPRECATED] Creation of dynamic property App\Controllers\regisCont::$validation is deprecated in APPPATH\Controllers\regisCont.php on line 14.
 1 SYSTEMPATH\CodeIgniter.php(906): App\Controllers\regisCont->__construct()
 2 SYSTEMPATH\CodeIgniter.php(490): CodeIgniter\CodeIgniter->createController()
 3 SYSTEMPATH\CodeIgniter.php(368): CodeIgniter\CodeIgniter->handleRequest(null, Object(Config\Cache), false)
 4 FCPATH\index.php(67): CodeIgniter\CodeIgniter->run()
INFO - 2023-07-04 01:59:40 --> Session: Class initialized using 'CodeIgniter\Session\Handlers\FileHandler' driver.
WARNING - 2023-07-04 01:59:40 --> [DEPRECATED] Creation of dynamic property App\Controllers\regisCont::$validation is deprecated in APPPATH\Controllers\regisCont.php on line 14.
 1 SYSTEMPATH\CodeIgniter.php(906): App\Controllers\regisCont->__construct()
 2 SYSTEMPATH\CodeIgniter.php(490): CodeIgniter\CodeIgniter->createController()
 3 SYSTEMPATH\CodeIgniter.php(368): CodeIgniter\CodeIgniter->handleRequest(null, Object(Config\Cache), false)
 4 FCPATH\index.php(67): CodeIgniter\CodeIgniter->run()
INFO - 2023-07-04 01:59:40 --> Session: Class initialized using 'CodeIgniter\Session\Handlers\FileHandler' driver.
WARNING - 2023-07-04 02:00:19 --> [DEPRECATED] Creation of dynamic property App\Controllers\regisCont::$validation is deprecated in APPPATH\Controllers\regisCont.php on line 14.
 1 SYSTEMPATH\CodeIgniter.php(906): App\Controllers\regisCont->__construct()
 2 SYSTEMPATH\CodeIgniter.php(490): CodeIgniter\CodeIgniter->createController()
 3 SYSTEMPATH\CodeIgniter.php(368): CodeIgniter\CodeIgniter->handleRequest(null, Object(Config\Cache), false)
 4 FCPATH\index.php(67): CodeIgniter\CodeIgniter->run()
INFO - 2023-07-04 02:00:19 --> Session: Class initialized using 'CodeIgniter\Session\Handlers\FileHandler' driver.
WARNING - 2023-07-04 02:00:29 --> [DEPRECATED] Creation of dynamic property App\Controllers\regisCont::$validation is deprecated in APPPATH\Controllers\regisCont.php on line 14.
 1 SYSTEMPATH\CodeIgniter.php(906): App\Controllers\regisCont->__construct()
 2 SYSTEMPATH\CodeIgniter.php(490): CodeIgniter\CodeIgniter->createController()
 3 SYSTEMPATH\CodeIgniter.php(368): CodeIgniter\CodeIgniter->handleRequest(null, Object(Config\Cache), false)
 4 FCPATH\index.php(67): CodeIgniter\CodeIgniter->run()
INFO - 2023-07-04 02:00:30 --> Session: Class initialized using 'CodeIgniter\Session\Handlers\FileHandler' driver.
WARNING - 2023-07-04 02:00:30 --> [DEPRECATED] Creation of dynamic property App\Controllers\regisCont::$validation is deprecated in APPPATH\Controllers\regisCont.php on line 14.
 1 SYSTEMPATH\CodeIgniter.php(906): App\Controllers\regisCont->__construct()
 2 SYSTEMPATH\CodeIgniter.php(490): CodeIgniter\CodeIgniter->createController()
 3 SYSTEMPATH\CodeIgniter.php(368): CodeIgniter\CodeIgniter->handleRequest(null, Object(Config\Cache), false)
 4 FCPATH\index.php(67): CodeIgniter\CodeIgniter->run()
INFO - 2023-07-04 02:00:30 --> Session: Class initialized using 'CodeIgniter\Session\Handlers\FileHandler' driver.
INFO - 2023-07-04 08:42:41 --> Session: Class initialized using 'CodeIgniter\Session\Handlers\FileHandler' driver.
INFO - 2023-07-04 08:42:41 --> Session: Class initialized using 'CodeIgniter\Session\Handlers\FileHandler' driver.
INFO - 2023-07-04 08:42:52 --> Session: Class initialized using 'CodeIgniter\Session\Handlers\FileHandler' driver.
INFO - 2023-07-04 08:42:53 --> Session: Class initialized using 'CodeIgniter\Session\Handlers\FileHandler' driver.
INFO - 2023-07-04 08:43:58 --> Session: Class initialized using 'CodeIgniter\Session\Handlers\FileHandler' driver.
INFO - 2023-07-04 08:44:06 --> Session: Class initialized using 'CodeIgniter\Session\Handlers\FileHandler' driver.
INFO - 2023-07-04 08:44:06 --> Session: Class initialized using 'CodeIgniter\Session\Handlers\FileHandler' driver.
INFO - 2023-07-04 08:44:15 --> Session: Class initialized using 'CodeIgniter\Session\Handlers\FileHandler' driver.
INFO - 2023-07-04 08:44:15 --> Cart Class Initialized
INFO - 2023-07-04 08:44:16 --> Session: Class initialized using 'CodeIgniter\Session\Handlers\FileHandler' driver.
INFO - 2023-07-04 08:44:19 --> Session: Class initialized using 'CodeIgniter\Session\Handlers\FileHandler' driver.
INFO - 2023-07-04 08:44:19 --> Cart Class Initialized
INFO - 2023-07-04 08:44:20 --> Session: Class initialized using 'CodeIgniter\Session\Handlers\FileHandler' driver.
INFO - 2023-07-04 08:44:23 --> Session: Class initialized using 'CodeIgniter\Session\Handlers\FileHandler' driver.
INFO - 2023-07-04 08:44:23 --> Cart Class Initialized
INFO - 2023-07-04 08:44:23 --> Session: Class initialized using 'CodeIgniter\Session\Handlers\FileHandler' driver.
INFO - 2023-07-04 08:44:26 --> Session: Class initialized using 'CodeIgniter\Session\Handlers\FileHandler' driver.
INFO - 2023-07-04 08:44:26 --> Cart Class Initialized
INFO - 2023-07-04 08:44:36 --> Session: Class initialized using 'CodeIgniter\Session\Handlers\FileHandler' driver.
INFO - 2023-07-04 08:44:36 --> Cart Class Initialized
INFO - 2023-07-04 08:44:36 --> Session: Class initialized using 'CodeIgniter\Session\Handlers\FileHandler' driver.
INFO - 2023-07-04 08:44:36 --> Cart Class Initialized
INFO - 2023-07-04 08:44:47 --> Session: Class initialized using 'CodeIgniter\Session\Handlers\FileHandler' driver.
INFO - 2023-07-04 08:44:47 --> Cart Class Initialized
INFO - 2023-07-04 08:44:47 --> Session: Class initialized using 'CodeIgniter\Session\Handlers\FileHandler' driver.
INFO - 2023-07-04 08:44:47 --> Cart Class Initialized
INFO - 2023-07-04 08:44:52 --> Session: Class initialized using 'CodeIgniter\Session\Handlers\FileHandler' driver.
INFO - 2023-07-04 08:44:52 --> Cart Class Initialized
INFO - 2023-07-04 08:44:52 --> Session: Class initialized using 'CodeIgniter\Session\Handlers\FileHandler' driver.
INFO - 2023-07-04 08:44:52 --> Cart Class Initialized
INFO - 2023-07-04 08:44:55 --> Session: Class initialized using 'CodeIgniter\Session\Handlers\FileHandler' driver.
INFO - 2023-07-04 08:44:57 --> Session: Class initialized using 'CodeIgniter\Session\Handlers\FileHandler' driver.
INFO - 2023-07-04 08:44:57 --> Cart Class Initialized
INFO - 2023-07-04 08:44:58 --> Session: Class initialized using 'CodeIgniter\Session\Handlers\FileHandler' driver.
INFO - 2023-07-04 08:45:01 --> Session: Class initialized using 'CodeIgniter\Session\Handlers\FileHandler' driver.
INFO - 2023-07-04 08:45:01 --> Cart Class Initialized
INFO - 2023-07-04 08:45:04 --> Session: Class initialized using 'CodeIgniter\Session\Handlers\FileHandler' driver.
INFO - 2023-07-04 08:45:04 --> Cart Class Initialized
CRITICAL - 2023-07-04 08:45:04 --> Attempt to read property "rajaongkir" on null
in APPPATH\Controllers\TransaksiController.php on line 72.
 1 APPPATH\Controllers\TransaksiController.php(72): CodeIgniter\Debug\Exceptions->errorHandler(2, 'Attempt to read property "rajaongkir" on null', 'C:\\xampp  baru\\htdocs\\CI4\\app\\Controllers\\TransaksiController.php', 72)
 2 SYSTEMPATH\CodeIgniter.php(934): App\Controllers\TransaksiController->checkout()
 3 SYSTEMPATH\CodeIgniter.php(499): CodeIgniter\CodeIgniter->runController(Object(App\Controllers\TransaksiController))
 4 SYSTEMPATH\CodeIgniter.php(368): CodeIgniter\CodeIgniter->handleRequest(null, Object(Config\Cache), false)
 5 FCPATH\index.php(67): CodeIgniter\CodeIgniter->run()
INFO - 2023-07-04 08:53:36 --> Session: Class initialized using 'CodeIgniter\Session\Handlers\FileHandler' driver.
INFO - 2023-07-04 08:53:40 --> Session: Class initialized using 'CodeIgniter\Session\Handlers\FileHandler' driver.
INFO - 2023-07-04 08:53:40 --> Cart Class Initialized
INFO - 2023-07-04 08:53:43 --> Session: Class initialized using 'CodeIgniter\Session\Handlers\FileHandler' driver.
INFO - 2023-07-04 08:53:43 --> Cart Class Initialized
INFO - 2023-07-04 08:55:19 --> Session: Class initialized using 'CodeIgniter\Session\Handlers\FileHandler' driver.
INFO - 2023-07-04 08:55:19 --> Cart Class Initialized
INFO - 2023-07-04 08:55:35 --> Session: Class initialized using 'CodeIgniter\Session\Handlers\FileHandler' driver.
INFO - 2023-07-04 08:55:35 --> Cart Class Initialized
INFO - 2023-07-04 08:55:42 --> Session: Class initialized using 'CodeIgniter\Session\Handlers\FileHandler' driver.
INFO - 2023-07-04 08:55:42 --> Cart Class Initialized
INFO - 2023-07-04 08:55:42 --> Session: Class initialized using 'CodeIgniter\Session\Handlers\FileHandler' driver.
INFO - 2023-07-04 08:55:42 --> Cart Class Initialized
INFO - 2023-07-04 08:55:48 --> Session: Class initialized using 'CodeIgniter\Session\Handlers\FileHandler' driver.
WARNING - 2023-07-04 08:55:48 --> [DEPRECATED] Creation of dynamic property App\Controllers\ProdukController::$validation is deprecated in APPPATH\Controllers\ProdukController.php on line 13.
 1 SYSTEMPATH\CodeIgniter.php(906): App\Controllers\ProdukController->__construct()
 2 SYSTEMPATH\CodeIgniter.php(490): CodeIgniter\CodeIgniter->createController()
 3 SYSTEMPATH\CodeIgniter.php(368): CodeIgniter\CodeIgniter->handleRequest(null, Object(Config\Cache), false)
 4 FCPATH\index.php(67): CodeIgniter\CodeIgniter->run()
INFO - 2023-07-04 08:55:56 --> Session: Class initialized using 'CodeIgniter\Session\Handlers\FileHandler' driver.
WARNING - 2023-07-04 08:55:56 --> [DEPRECATED] Creation of dynamic property App\Controllers\ProdukController::$validation is deprecated in APPPATH\Controllers\ProdukController.php on line 13.
 1 SYSTEMPATH\CodeIgniter.php(906): App\Controllers\ProdukController->__construct()
 2 SYSTEMPATH\CodeIgniter.php(490): CodeIgniter\CodeIgniter->createController()
 3 SYSTEMPATH\CodeIgniter.php(368): CodeIgniter\CodeIgniter->handleRequest(null, Object(Config\Cache), false)
 4 FCPATH\index.php(67): CodeIgniter\CodeIgniter->run()
INFO - 2023-07-04 08:55:56 --> Session: Class initialized using 'CodeIgniter\Session\Handlers\FileHandler' driver.
WARNING - 2023-07-04 08:55:56 --> [DEPRECATED] Creation of dynamic property App\Controllers\ProdukController::$validation is deprecated in APPPATH\Controllers\ProdukController.php on line 13.
 1 SYSTEMPATH\CodeIgniter.php(906): App\Controllers\ProdukController->__construct()
 2 SYSTEMPATH\CodeIgniter.php(490): CodeIgniter\CodeIgniter->createController()
 3 SYSTEMPATH\CodeIgniter.php(368): CodeIgniter\CodeIgniter->handleRequest(null, Object(Config\Cache), false)
 4 FCPATH\index.php(67): CodeIgniter\CodeIgniter->run()
INFO - 2023-07-04 09:10:54 --> Session: Class initialized using 'CodeIgniter\Session\Handlers\FileHandler' driver.
INFO - 2023-07-04 09:11:00 --> Session: Class initialized using 'CodeIgniter\Session\Handlers\FileHandler' driver.
INFO - 2023-07-04 09:11:01 --> Session: Class initialized using 'CodeIgniter\Session\Handlers\FileHandler' driver.
INFO - 2023-07-04 09:11:12 --> Session: Class initialized using 'CodeIgniter\Session\Handlers\FileHandler' driver.
INFO - 2023-07-04 09:11:12 --> Session: Class initialized using 'CodeIgniter\Session\Handlers\FileHandler' driver.
INFO - 2023-07-04 09:53:45 --> Session: Class initialized using 'CodeIgniter\Session\Handlers\FileHandler' driver.
INFO - 2023-07-04 09:53:47 --> Session: Class initialized using 'CodeIgniter\Session\Handlers\FileHandler' driver.
WARNING - 2023-07-04 09:53:51 --> [DEPRECATED] Creation of dynamic property App\Controllers\regisCont::$validation is deprecated in APPPATH\Controllers\regisCont.php on line 14.
 1 SYSTEMPATH\CodeIgniter.php(906): App\Controllers\regisCont->__construct()
 2 SYSTEMPATH\CodeIgniter.php(490): CodeIgniter\CodeIgniter->createController()
 3 SYSTEMPATH\CodeIgniter.php(368): CodeIgniter\CodeIgniter->handleRequest(null, Object(Config\Cache), false)
 4 FCPATH\index.php(67): CodeIgniter\CodeIgniter->run()
INFO - 2023-07-04 09:53:51 --> Session: Class initialized using 'CodeIgniter\Session\Handlers\FileHandler' driver.
WARNING - 2023-07-04 09:54:52 --> [DEPRECATED] Creation of dynamic property App\Controllers\regisCont::$validation is deprecated in APPPATH\Controllers\regisCont.php on line 14.
 1 SYSTEMPATH\CodeIgniter.php(906): App\Controllers\regisCont->__construct()
 2 SYSTEMPATH\CodeIgniter.php(490): CodeIgniter\CodeIgniter->createController()
 3 SYSTEMPATH\CodeIgniter.php(368): CodeIgniter\CodeIgniter->handleRequest(null, Object(Config\Cache), false)
 4 FCPATH\index.php(67): CodeIgniter\CodeIgniter->run()
INFO - 2023-07-04 09:54:52 --> Session: Class initialized using 'CodeIgniter\Session\Handlers\FileHandler' driver.
CRITICAL - 2023-07-04 09:54:53 --> Invalid file: "components/.php"
in SYSTEMPATH\Exceptions\FrameworkException.php on line 33.
 1 SYSTEMPATH\View\View.php(201): CodeIgniter\Exceptions\FrameworkException::forInvalidFile('components/.php')
 2 SYSTEMPATH\View\View.php(229): CodeIgniter\View\View->render('components/', [], true)
 3 SYSTEMPATH\Common.php(1184): CodeIgniter\View\View->render('register', [], true)
 4 APPPATH\Controllers\regisCont.php(21): view('register')
 5 SYSTEMPATH\CodeIgniter.php(934): App\Controllers\regisCont->register()
 6 SYSTEMPATH\CodeIgniter.php(499): CodeIgniter\CodeIgniter->runController(Object(App\Controllers\regisCont))
 7 SYSTEMPATH\CodeIgniter.php(368): CodeIgniter\CodeIgniter->handleRequest(null, Object(Config\Cache), false)
 8 FCPATH\index.php(67): CodeIgniter\CodeIgniter->run()
WARNING - 2023-07-04 09:55:01 --> [DEPRECATED] Creation of dynamic property App\Controllers\regisCont::$validation is deprecated in APPPATH\Controllers\regisCont.php on line 14.
 1 SYSTEMPATH\CodeIgniter.php(906): App\Controllers\regisCont->__construct()
 2 SYSTEMPATH\CodeIgniter.php(490): CodeIgniter\CodeIgniter->createController()
 3 SYSTEMPATH\CodeIgniter.php(368): CodeIgniter\CodeIgniter->handleRequest(null, Object(Config\Cache), false)
 4 FCPATH\index.php(67): CodeIgniter\CodeIgniter->run()
INFO - 2023-07-04 09:55:01 --> Session: Class initialized using 'CodeIgniter\Session\Handlers\FileHandler' driver.
WARNING - 2023-07-04 09:55:17 --> [DEPRECATED] Creation of dynamic property App\Controllers\regisCont::$validation is deprecated in APPPATH\Controllers\regisCont.php on line 14.
 1 SYSTEMPATH\CodeIgniter.php(906): App\Controllers\regisCont->__construct()
 2 SYSTEMPATH\CodeIgniter.php(490): CodeIgniter\CodeIgniter->createController()
 3 SYSTEMPATH\CodeIgniter.php(368): CodeIgniter\CodeIgniter->handleRequest(null, Object(Config\Cache), false)
 4 FCPATH\index.php(67): CodeIgniter\CodeIgniter->run()
INFO - 2023-07-04 09:55:17 --> Session: Class initialized using 'CodeIgniter\Session\Handlers\FileHandler' driver.
WARNING - 2023-07-04 09:55:18 --> [DEPRECATED] Creation of dynamic property App\Controllers\regisCont::$validation is deprecated in APPPATH\Controllers\regisCont.php on line 14.
 1 SYSTEMPATH\CodeIgniter.php(906): App\Controllers\regisCont->__construct()
 2 SYSTEMPATH\CodeIgniter.php(490): CodeIgniter\CodeIgniter->createController()
 3 SYSTEMPATH\CodeIgniter.php(368): CodeIgniter\CodeIgniter->handleRequest(null, Object(Config\Cache), false)
 4 FCPATH\index.php(67): CodeIgniter\CodeIgniter->run()
INFO - 2023-07-04 09:55:18 --> Session: Class initialized using 'CodeIgniter\Session\Handlers\FileHandler' driver.
WARNING - 2023-07-04 10:30:09 --> [DEPRECATED] Creation of dynamic property App\Controllers\regisCont::$validation is deprecated in APPPATH\Controllers\regisCont.php on line 14.
 1 SYSTEMPATH\CodeIgniter.php(906): App\Controllers\regisCont->__construct()
 2 SYSTEMPATH\CodeIgniter.php(490): CodeIgniter\CodeIgniter->createController()
 3 SYSTEMPATH\CodeIgniter.php(368): CodeIgniter\CodeIgniter->handleRequest(null, Object(Config\Cache), false)
 4 FCPATH\index.php(67): CodeIgniter\CodeIgniter->run()
INFO - 2023-07-04 10:30:09 --> Session: Class initialized using 'CodeIgniter\Session\Handlers\FileHandler' driver.
INFO - 2023-07-04 10:30:14 --> Session: Class initialized using 'CodeIgniter\Session\Handlers\FileHandler' driver.
INFO - 2023-07-04 10:30:29 --> Session: Class initialized using 'CodeIgniter\Session\Handlers\FileHandler' driver.
INFO - 2023-07-04 10:30:29 --> Session: Class initialized using 'CodeIgniter\Session\Handlers\FileHandler' driver.
CRITICAL - 2023-07-04 10:30:34 --> ini_set(): Session ini settings cannot be changed when a session is active
in SYSTEMPATH\Session\Handlers\FileHandler.php on line 72.
 1 [internal function]: CodeIgniter\Debug\Exceptions->errorHandler(2, 'ini_set(): Session ini settings cannot be changed when a session is active', 'C:\\xampp  baru\\htdocs\\CI4\\system\\Session\\Handlers\\FileHandler.php', 72)
 2 SYSTEMPATH\Session\Handlers\FileHandler.php(72): ini_set('session.save_path', 'C:\\xampp  baru\\htdocs\\CI4\\writable\\session')
 3 SYSTEMPATH\Config\Services.php(667): CodeIgniter\Session\Handlers\FileHandler->__construct(Object(Config\App), '::1')
 4 SYSTEMPATH\Config\BaseService.php(252): CodeIgniter\Config\Services::session(Object(Config\App), false)
 5 SYSTEMPATH\Config\BaseService.php(193): CodeIgniter\Config\BaseService::__callStatic('session', [...])
 6 SYSTEMPATH\Config\Services.php(641): CodeIgniter\Config\BaseService::getSharedInstance('session', null)
 7 SYSTEMPATH\Config\BaseService.php(252): CodeIgniter\Config\Services::session()
 8 SYSTEMPATH\Common.php(988): CodeIgniter\Config\BaseService::__callStatic('session', [])
 9 APPPATH\Views\profile.php(66): session()
10 SYSTEMPATH\View\View.php(213): include('C:\\xampp  baru\\htdocs\\CI4\\app\\Views\\profile.php')
11 SYSTEMPATH\View\View.php(216): CodeIgniter\View\View->CodeIgniter\View\{closure}()
12 SYSTEMPATH\Common.php(1184): CodeIgniter\View\View->render('profile', [], true)
13 APPPATH\Controllers\profileController.php(10): view('profile')
14 SYSTEMPATH\CodeIgniter.php(934): App\Controllers\profileController->profile()
15 SYSTEMPATH\CodeIgniter.php(499): CodeIgniter\CodeIgniter->runController(Object(App\Controllers\profileController))
16 SYSTEMPATH\CodeIgniter.php(368): CodeIgniter\CodeIgniter->handleRequest(null, Object(Config\Cache), false)
17 FCPATH\index.php(67): CodeIgniter\CodeIgniter->run()
INFO - 2023-07-04 10:34:22 --> Session: Class initialized using 'CodeIgniter\Session\Handlers\FileHandler' driver.
INFO - 2023-07-04 11:39:02 --> Session: Class initialized using 'CodeIgniter\Session\Handlers\FileHandler' driver.
INFO - 2023-07-04 11:39:08 --> Session: Class initialized using 'CodeIgniter\Session\Handlers\FileHandler' driver.
INFO - 2023-07-04 11:39:08 --> Session: Class initialized using 'CodeIgniter\Session\Handlers\FileHandler' driver.
WARNING - 2023-07-04 11:39:11 --> [DEPRECATED] Creation of dynamic property App\Controllers\regisCont::$validation is deprecated in APPPATH\Controllers\regisCont.php on line 15.
 1 SYSTEMPATH\CodeIgniter.php(906): App\Controllers\regisCont->__construct()
 2 SYSTEMPATH\CodeIgniter.php(490): CodeIgniter\CodeIgniter->createController()
 3 SYSTEMPATH\CodeIgniter.php(368): CodeIgniter\CodeIgniter->handleRequest(null, Object(Config\Cache), false)
 4 FCPATH\index.php(67): CodeIgniter\CodeIgniter->run()
INFO - 2023-07-04 11:39:11 --> Session: Class initialized using 'CodeIgniter\Session\Handlers\FileHandler' driver.
WARNING - 2023-07-04 11:39:19 --> [DEPRECATED] Creation of dynamic property App\Controllers\regisCont::$validation is deprecated in APPPATH\Controllers\regisCont.php on line 15.
 1 SYSTEMPATH\CodeIgniter.php(906): App\Controllers\regisCont->__construct()
 2 SYSTEMPATH\CodeIgniter.php(490): CodeIgniter\CodeIgniter->createController()
 3 SYSTEMPATH\CodeIgniter.php(368): CodeIgniter\CodeIgniter->handleRequest(null, Object(Config\Cache), false)
 4 FCPATH\index.php(67): CodeIgniter\CodeIgniter->run()
INFO - 2023-07-04 11:39:19 --> Session: Class initialized using 'CodeIgniter\Session\Handlers\FileHandler' driver.
WARNING - 2023-07-04 11:39:19 --> [DEPRECATED] Creation of dynamic property App\Controllers\regisCont::$validation is deprecated in APPPATH\Controllers\regisCont.php on line 15.
 1 SYSTEMPATH\CodeIgniter.php(906): App\Controllers\regisCont->__construct()
 2 SYSTEMPATH\CodeIgniter.php(490): CodeIgniter\CodeIgniter->createController()
 3 SYSTEMPATH\CodeIgniter.php(368): CodeIgniter\CodeIgniter->handleRequest(null, Object(Config\Cache), false)
 4 FCPATH\index.php(67): CodeIgniter\CodeIgniter->run()
INFO - 2023-07-04 11:39:19 --> Session: Class initialized using 'CodeIgniter\Session\Handlers\FileHandler' driver.
WARNING - 2023-07-04 11:45:11 --> [DEPRECATED] Creation of dynamic property App\Controllers\regisCont::$validation is deprecated in APPPATH\Controllers\regisCont.php on line 15.
 1 SYSTEMPATH\CodeIgniter.php(906): App\Controllers\regisCont->__construct()
 2 SYSTEMPATH\CodeIgniter.php(490): CodeIgniter\CodeIgniter->createController()
 3 SYSTEMPATH\CodeIgniter.php(368): CodeIgniter\CodeIgniter->handleRequest(null, Object(Config\Cache), false)
 4 FCPATH\index.php(67): CodeIgniter\CodeIgniter->run()
INFO - 2023-07-04 11:45:11 --> Session: Class initialized using 'CodeIgniter\Session\Handlers\FileHandler' driver.
INFO - 2023-07-04 11:45:17 --> Session: Class initialized using 'CodeIgniter\Session\Handlers\FileHandler' driver.
INFO - 2023-07-04 11:45:22 --> Session: Class initialized using 'CodeIgniter\Session\Handlers\FileHandler' driver.
INFO - 2023-07-04 11:45:22 --> Session: Class initialized using 'CodeIgniter\Session\Handlers\FileHandler' driver.
WARNING - 2023-07-04 11:45:26 --> [DEPRECATED] Creation of dynamic property App\Controllers\profileController::$validation is deprecated in APPPATH\Controllers\profileController.php on line 14.
 1 SYSTEMPATH\CodeIgniter.php(906): App\Controllers\profileController->__construct()
 2 SYSTEMPATH\CodeIgniter.php(490): CodeIgniter\CodeIgniter->createController()
 3 SYSTEMPATH\CodeIgniter.php(368): CodeIgniter\CodeIgniter->handleRequest(null, Object(Config\Cache), false)
 4 FCPATH\index.php(67): CodeIgniter\CodeIgniter->run()
INFO - 2023-07-04 11:45:26 --> Session: Class initialized using 'CodeIgniter\Session\Handlers\FileHandler' driver.
CRITICAL - 2023-07-04 11:45:26 --> Undefined variable $produk
in APPPATH\Views\profile.php on line 40.
 1 APPPATH\Views\profile.php(40): CodeIgniter\Debug\Exceptions->errorHandler(2, 'Undefined variable $produk', 'C:\\xampp  baru\\htdocs\\CI4\\app\\Views\\profile.php', 40)
 2 SYSTEMPATH\View\View.php(213): include('C:\\xampp  baru\\htdocs\\CI4\\app\\Views\\profile.php')
 3 SYSTEMPATH\View\View.php(216): CodeIgniter\View\View->CodeIgniter\View\{closure}()
 4 SYSTEMPATH\Common.php(1184): CodeIgniter\View\View->render('profile', [], true)
 5 APPPATH\Controllers\profileController.php(21): view('profile')
 6 SYSTEMPATH\CodeIgniter.php(934): App\Controllers\profileController->profile()
 7 SYSTEMPATH\CodeIgniter.php(499): CodeIgniter\CodeIgniter->runController(Object(App\Controllers\profileController))
 8 SYSTEMPATH\CodeIgniter.php(368): CodeIgniter\CodeIgniter->handleRequest(null, Object(Config\Cache), false)
 9 FCPATH\index.php(67): CodeIgniter\CodeIgniter->run()
INFO - 2023-07-04 12:08:03 --> Session: Class initialized using 'CodeIgniter\Session\Handlers\FileHandler' driver.
INFO - 2023-07-04 12:08:09 --> Session: Class initialized using 'CodeIgniter\Session\Handlers\FileHandler' driver.
INFO - 2023-07-04 12:08:32 --> Session: Class initialized using 'CodeIgniter\Session\Handlers\FileHandler' driver.
INFO - 2023-07-04 12:08:41 --> Session: Class initialized using 'CodeIgniter\Session\Handlers\FileHandler' driver.
WARNING - 2023-07-04 12:10:39 --> [DEPRECATED] Creation of dynamic property App\Controllers\profileController::$validation is deprecated in APPPATH\Controllers\profileController.php on line 14.
 1 SYSTEMPATH\CodeIgniter.php(906): App\Controllers\profileController->__construct()
 2 SYSTEMPATH\CodeIgniter.php(490): CodeIgniter\CodeIgniter->createController()
 3 SYSTEMPATH\CodeIgniter.php(368): CodeIgniter\CodeIgniter->handleRequest(null, Object(Config\Cache), false)
 4 FCPATH\index.php(67): CodeIgniter\CodeIgniter->run()
INFO - 2023-07-04 12:10:39 --> Session: Class initialized using 'CodeIgniter\Session\Handlers\FileHandler' driver.
INFO - 2023-07-04 12:10:51 --> Session: Class initialized using 'CodeIgniter\Session\Handlers\FileHandler' driver.
WARNING - 2023-07-04 12:10:56 --> [DEPRECATED] Creation of dynamic property App\Controllers\profileController::$validation is deprecated in APPPATH\Controllers\profileController.php on line 14.
 1 SYSTEMPATH\CodeIgniter.php(906): App\Controllers\profileController->__construct()
 2 SYSTEMPATH\CodeIgniter.php(490): CodeIgniter\CodeIgniter->createController()
 3 SYSTEMPATH\CodeIgniter.php(368): CodeIgniter\CodeIgniter->handleRequest(null, Object(Config\Cache), false)
 4 FCPATH\index.php(67): CodeIgniter\CodeIgniter->run()
INFO - 2023-07-04 12:10:56 --> Session: Class initialized using 'CodeIgniter\Session\Handlers\FileHandler' driver.
WARNING - 2023-07-04 12:14:40 --> [DEPRECATED] Creation of dynamic property App\Controllers\profileController::$validation is deprecated in APPPATH\Controllers\profileController.php on line 14.
 1 SYSTEMPATH\CodeIgniter.php(906): App\Controllers\profileController->__construct()
 2 SYSTEMPATH\CodeIgniter.php(490): CodeIgniter\CodeIgniter->createController()
 3 SYSTEMPATH\CodeIgniter.php(368): CodeIgniter\CodeIgniter->handleRequest(null, Object(Config\Cache), false)
 4 FCPATH\index.php(67): CodeIgniter\CodeIgniter->run()
INFO - 2023-07-04 12:14:40 --> Session: Class initialized using 'CodeIgniter\Session\Handlers\FileHandler' driver.
INFO - 2023-07-04 12:14:52 --> Session: Class initialized using 'CodeIgniter\Session\Handlers\FileHandler' driver.
INFO - 2023-07-04 12:14:52 --> Session: Class initialized using 'CodeIgniter\Session\Handlers\FileHandler' driver.
INFO - 2023-07-04 12:15:17 --> Session: Class initialized using 'CodeIgniter\Session\Handlers\FileHandler' driver.
INFO - 2023-07-04 12:15:18 --> Session: Class initialized using 'CodeIgniter\Session\Handlers\FileHandler' driver.
WARNING - 2023-07-04 12:15:23 --> [DEPRECATED] Creation of dynamic property App\Controllers\profileController::$validation is deprecated in APPPATH\Controllers\profileController.php on line 14.
 1 SYSTEMPATH\CodeIgniter.php(906): App\Controllers\profileController->__construct()
 2 SYSTEMPATH\CodeIgniter.php(490): CodeIgniter\CodeIgniter->createController()
 3 SYSTEMPATH\CodeIgniter.php(368): CodeIgniter\CodeIgniter->handleRequest(null, Object(Config\Cache), false)
 4 FCPATH\index.php(67): CodeIgniter\CodeIgniter->run()
INFO - 2023-07-04 12:15:23 --> Session: Class initialized using 'CodeIgniter\Session\Handlers\FileHandler' driver.
WARNING - 2023-07-04 12:15:36 --> [DEPRECATED] Creation of dynamic property App\Controllers\profileController::$validation is deprecated in APPPATH\Controllers\profileController.php on line 14.
 1 SYSTEMPATH\CodeIgniter.php(906): App\Controllers\profileController->__construct()
 2 SYSTEMPATH\CodeIgniter.php(490): CodeIgniter\CodeIgniter->createController()
 3 SYSTEMPATH\CodeIgniter.php(368): CodeIgniter\CodeIgniter->handleRequest(null, Object(Config\Cache), false)
 4 FCPATH\index.php(67): CodeIgniter\CodeIgniter->run()
CRITICAL - 2023-07-04 12:15:36 --> Too few arguments to function App\Controllers\profileController::edit(), 0 passed in C:\xampp  baru\htdocs\CI4\system\CodeIgniter.php on line 934 and exactly 1 expected
in APPPATH\Controllers\profileController.php on line 24.
 1 SYSTEMPATH\CodeIgniter.php(934): App\Controllers\profileController->edit()
 2 SYSTEMPATH\CodeIgniter.php(499): CodeIgniter\CodeIgniter->runController(Object(App\Controllers\profileController))
 3 SYSTEMPATH\CodeIgniter.php(368): CodeIgniter\CodeIgniter->handleRequest(null, Object(Config\Cache), false)
 4 FCPATH\index.php(67): CodeIgniter\CodeIgniter->run()
WARNING - 2023-07-04 12:16:52 --> [DEPRECATED] Creation of dynamic property App\Controllers\profileController::$validation is deprecated in APPPATH\Controllers\profileController.php on line 14.
 1 SYSTEMPATH\CodeIgniter.php(906): App\Controllers\profileController->__construct()
 2 SYSTEMPATH\CodeIgniter.php(490): CodeIgniter\CodeIgniter->createController()
 3 SYSTEMPATH\CodeIgniter.php(368): CodeIgniter\CodeIgniter->handleRequest(null, Object(Config\Cache), false)
 4 FCPATH\index.php(67): CodeIgniter\CodeIgniter->run()
INFO - 2023-07-04 12:16:52 --> Session: Class initialized using 'CodeIgniter\Session\Handlers\FileHandler' driver.
INFO - 2023-07-04 12:16:52 --> Session: Class initialized using 'CodeIgniter\Session\Handlers\FileHandler' driver.
WARNING - 2023-07-04 12:16:52 --> [DEPRECATED] Creation of dynamic property App\Controllers\ProdukController::$validation is deprecated in APPPATH\Controllers\ProdukController.php on line 13.
 1 SYSTEMPATH\CodeIgniter.php(906): App\Controllers\ProdukController->__construct()
 2 SYSTEMPATH\CodeIgniter.php(490): CodeIgniter\CodeIgniter->createController()
 3 SYSTEMPATH\CodeIgniter.php(368): CodeIgniter\CodeIgniter->handleRequest(null, Object(Config\Cache), false)
 4 FCPATH\index.php(67): CodeIgniter\CodeIgniter->run()
WARNING - 2023-07-04 12:17:01 --> [DEPRECATED] Creation of dynamic property App\Controllers\profileController::$validation is deprecated in APPPATH\Controllers\profileController.php on line 14.
 1 SYSTEMPATH\CodeIgniter.php(906): App\Controllers\profileController->__construct()
 2 SYSTEMPATH\CodeIgniter.php(490): CodeIgniter\CodeIgniter->createController()
 3 SYSTEMPATH\CodeIgniter.php(368): CodeIgniter\CodeIgniter->handleRequest(null, Object(Config\Cache), false)
 4 FCPATH\index.php(67): CodeIgniter\CodeIgniter->run()
INFO - 2023-07-04 12:17:01 --> Session: Class initialized using 'CodeIgniter\Session\Handlers\FileHandler' driver.
WARNING - 2023-07-04 12:18:42 --> [DEPRECATED] Creation of dynamic property App\Controllers\profileController::$validation is deprecated in APPPATH\Controllers\profileController.php on line 14.
 1 SYSTEMPATH\CodeIgniter.php(906): App\Controllers\profileController->__construct()
 2 SYSTEMPATH\CodeIgniter.php(490): CodeIgniter\CodeIgniter->createController()
 3 SYSTEMPATH\CodeIgniter.php(368): CodeIgniter\CodeIgniter->handleRequest(null, Object(Config\Cache), false)
 4 FCPATH\index.php(67): CodeIgniter\CodeIgniter->run()
INFO - 2023-07-04 12:18:42 --> Session: Class initialized using 'CodeIgniter\Session\Handlers\FileHandler' driver.
WARNING - 2023-07-04 12:19:13 --> [DEPRECATED] Creation of dynamic property App\Controllers\profileController::$validation is deprecated in APPPATH\Controllers\profileController.php on line 14.
 1 SYSTEMPATH\CodeIgniter.php(906): App\Controllers\profileController->__construct()
 2 SYSTEMPATH\CodeIgniter.php(490): CodeIgniter\CodeIgniter->createController()
 3 SYSTEMPATH\CodeIgniter.php(368): CodeIgniter\CodeIgniter->handleRequest(null, Object(Config\Cache), false)
 4 FCPATH\index.php(67): CodeIgniter\CodeIgniter->run()
INFO - 2023-07-04 12:19:13 --> Session: Class initialized using 'CodeIgniter\Session\Handlers\FileHandler' driver.
INFO - 2023-07-04 12:19:21 --> Session: Class initialized using 'CodeIgniter\Session\Handlers\FileHandler' driver.
WARNING - 2023-07-04 12:19:25 --> [DEPRECATED] Creation of dynamic property App\Controllers\profileController::$validation is deprecated in APPPATH\Controllers\profileController.php on line 14.
 1 SYSTEMPATH\CodeIgniter.php(906): App\Controllers\profileController->__construct()
 2 SYSTEMPATH\CodeIgniter.php(490): CodeIgniter\CodeIgniter->createController()
 3 SYSTEMPATH\CodeIgniter.php(368): CodeIgniter\CodeIgniter->handleRequest(null, Object(Config\Cache), false)
 4 FCPATH\index.php(67): CodeIgniter\CodeIgniter->run()
INFO - 2023-07-04 12:19:26 --> Session: Class initialized using 'CodeIgniter\Session\Handlers\FileHandler' driver.
WARNING - 2023-07-04 12:21:39 --> [DEPRECATED] Creation of dynamic property App\Controllers\profileController::$validation is deprecated in APPPATH\Controllers\profileController.php on line 14.
 1 SYSTEMPATH\CodeIgniter.php(906): App\Controllers\profileController->__construct()
 2 SYSTEMPATH\CodeIgniter.php(490): CodeIgniter\CodeIgniter->createController()
 3 SYSTEMPATH\CodeIgniter.php(368): CodeIgniter\CodeIgniter->handleRequest(null, Object(Config\Cache), false)
 4 FCPATH\index.php(67): CodeIgniter\CodeIgniter->run()
INFO - 2023-07-04 12:21:39 --> Session: Class initialized using 'CodeIgniter\Session\Handlers\FileHandler' driver.
CRITICAL - 2023-07-04 12:21:39 --> Undefined variable $produk
in APPPATH\Views\profile.php on line 53.
 1 APPPATH\Views\profile.php(53): CodeIgniter\Debug\Exceptions->errorHandler(2, 'Undefined variable $produk', 'C:\\xampp  baru\\htdocs\\CI4\\app\\Views\\profile.php', 53)
 2 SYSTEMPATH\View\View.php(213): include('C:\\xampp  baru\\htdocs\\CI4\\app\\Views\\profile.php')
 3 SYSTEMPATH\View\View.php(216): CodeIgniter\View\View->CodeIgniter\View\{closure}()
 4 SYSTEMPATH\Common.php(1184): CodeIgniter\View\View->render('profile', [], true)
 5 APPPATH\Controllers\profileController.php(21): view('profile')
 6 SYSTEMPATH\CodeIgniter.php(934): App\Controllers\profileController->profile()
 7 SYSTEMPATH\CodeIgniter.php(499): CodeIgniter\CodeIgniter->runController(Object(App\Controllers\profileController))
 8 SYSTEMPATH\CodeIgniter.php(368): CodeIgniter\CodeIgniter->handleRequest(null, Object(Config\Cache), false)
 9 FCPATH\index.php(67): CodeIgniter\CodeIgniter->run()
WARNING - 2023-07-04 12:22:15 --> [DEPRECATED] Creation of dynamic property App\Controllers\profileController::$validation is deprecated in APPPATH\Controllers\profileController.php on line 14.
 1 SYSTEMPATH\CodeIgniter.php(906): App\Controllers\profileController->__construct()
 2 SYSTEMPATH\CodeIgniter.php(490): CodeIgniter\CodeIgniter->createController()
 3 SYSTEMPATH\CodeIgniter.php(368): CodeIgniter\CodeIgniter->handleRequest(null, Object(Config\Cache), false)
 4 FCPATH\index.php(67): CodeIgniter\CodeIgniter->run()
INFO - 2023-07-04 12:22:15 --> Session: Class initialized using 'CodeIgniter\Session\Handlers\FileHandler' driver.
CRITICAL - 2023-07-04 12:22:15 --> Undefined variable $password
in APPPATH\Views\profile.php on line 53.
 1 APPPATH\Views\profile.php(53): CodeIgniter\Debug\Exceptions->errorHandler(2, 'Undefined variable $password', 'C:\\xampp  baru\\htdocs\\CI4\\app\\Views\\profile.php', 53)
 2 SYSTEMPATH\View\View.php(213): include('C:\\xampp  baru\\htdocs\\CI4\\app\\Views\\profile.php')
 3 SYSTEMPATH\View\View.php(216): CodeIgniter\View\View->CodeIgniter\View\{closure}()
 4 SYSTEMPATH\Common.php(1184): CodeIgniter\View\View->render('profile', [], true)
 5 APPPATH\Controllers\profileController.php(21): view('profile')
 6 SYSTEMPATH\CodeIgniter.php(934): App\Controllers\profileController->profile()
 7 SYSTEMPATH\CodeIgniter.php(499): CodeIgniter\CodeIgniter->runController(Object(App\Controllers\profileController))
 8 SYSTEMPATH\CodeIgniter.php(368): CodeIgniter\CodeIgniter->handleRequest(null, Object(Config\Cache), false)
 9 FCPATH\index.php(67): CodeIgniter\CodeIgniter->run()
WARNING - 2023-07-04 12:23:53 --> [DEPRECATED] Creation of dynamic property App\Controllers\profileController::$validation is deprecated in APPPATH\Controllers\profileController.php on line 14.
 1 SYSTEMPATH\CodeIgniter.php(906): App\Controllers\profileController->__construct()
 2 SYSTEMPATH\CodeIgniter.php(490): CodeIgniter\CodeIgniter->createController()
 3 SYSTEMPATH\CodeIgniter.php(368): CodeIgniter\CodeIgniter->handleRequest(null, Object(Config\Cache), false)
 4 FCPATH\index.php(67): CodeIgniter\CodeIgniter->run()
INFO - 2023-07-04 12:23:53 --> Session: Class initialized using 'CodeIgniter\Session\Handlers\FileHandler' driver.
WARNING - 2023-07-04 12:24:01 --> [DEPRECATED] Creation of dynamic property App\Controllers\profileController::$validation is deprecated in APPPATH\Controllers\profileController.php on line 14.
 1 SYSTEMPATH\CodeIgniter.php(906): App\Controllers\profileController->__construct()
 2 SYSTEMPATH\CodeIgniter.php(490): CodeIgniter\CodeIgniter->createController()
 3 SYSTEMPATH\CodeIgniter.php(368): CodeIgniter\CodeIgniter->handleRequest(null, Object(Config\Cache), false)
 4 FCPATH\index.php(67): CodeIgniter\CodeIgniter->run()
INFO - 2023-07-04 12:24:01 --> Session: Class initialized using 'CodeIgniter\Session\Handlers\FileHandler' driver.
INFO - 2023-07-04 12:24:02 --> Session: Class initialized using 'CodeIgniter\Session\Handlers\FileHandler' driver.
WARNING - 2023-07-04 12:24:02 --> [DEPRECATED] Creation of dynamic property App\Controllers\ProdukController::$validation is deprecated in APPPATH\Controllers\ProdukController.php on line 13.
 1 SYSTEMPATH\CodeIgniter.php(906): App\Controllers\ProdukController->__construct()
 2 SYSTEMPATH\CodeIgniter.php(490): CodeIgniter\CodeIgniter->createController()
 3 SYSTEMPATH\CodeIgniter.php(368): CodeIgniter\CodeIgniter->handleRequest(null, Object(Config\Cache), false)
 4 FCPATH\index.php(67): CodeIgniter\CodeIgniter->run()
INFO - 2023-07-04 12:27:31 --> Session: Class initialized using 'CodeIgniter\Session\Handlers\FileHandler' driver.
WARNING - 2023-07-04 12:27:31 --> [DEPRECATED] Creation of dynamic property App\Controllers\ProdukController::$validation is deprecated in APPPATH\Controllers\ProdukController.php on line 13.
 1 SYSTEMPATH\CodeIgniter.php(906): App\Controllers\ProdukController->__construct()
 2 SYSTEMPATH\CodeIgniter.php(490): CodeIgniter\CodeIgniter->createController()
 3 SYSTEMPATH\CodeIgniter.php(368): CodeIgniter\CodeIgniter->handleRequest(null, Object(Config\Cache), false)
 4 FCPATH\index.php(67): CodeIgniter\CodeIgniter->run()
WARNING - 2023-07-04 12:27:37 --> [DEPRECATED] Creation of dynamic property App\Controllers\profileController::$validation is deprecated in APPPATH\Controllers\profileController.php on line 14.
 1 SYSTEMPATH\CodeIgniter.php(906): App\Controllers\profileController->__construct()
 2 SYSTEMPATH\CodeIgniter.php(490): CodeIgniter\CodeIgniter->createController()
 3 SYSTEMPATH\CodeIgniter.php(368): CodeIgniter\CodeIgniter->handleRequest(null, Object(Config\Cache), false)
 4 FCPATH\index.php(67): CodeIgniter\CodeIgniter->run()
INFO - 2023-07-04 12:27:37 --> Session: Class initialized using 'CodeIgniter\Session\Handlers\FileHandler' driver.
WARNING - 2023-07-04 12:27:45 --> [DEPRECATED] Creation of dynamic property App\Controllers\profileController::$validation is deprecated in APPPATH\Controllers\profileController.php on line 14.
 1 SYSTEMPATH\CodeIgniter.php(906): App\Controllers\profileController->__construct()
 2 SYSTEMPATH\CodeIgniter.php(490): CodeIgniter\CodeIgniter->createController()
 3 SYSTEMPATH\CodeIgniter.php(368): CodeIgniter\CodeIgniter->handleRequest(null, Object(Config\Cache), false)
 4 FCPATH\index.php(67): CodeIgniter\CodeIgniter->run()
INFO - 2023-07-04 12:27:45 --> Session: Class initialized using 'CodeIgniter\Session\Handlers\FileHandler' driver.
INFO - 2023-07-04 12:27:45 --> Session: Class initialized using 'CodeIgniter\Session\Handlers\FileHandler' driver.
WARNING - 2023-07-04 12:27:45 --> [DEPRECATED] Creation of dynamic property App\Controllers\ProdukController::$validation is deprecated in APPPATH\Controllers\ProdukController.php on line 13.
 1 SYSTEMPATH\CodeIgniter.php(906): App\Controllers\ProdukController->__construct()
 2 SYSTEMPATH\CodeIgniter.php(490): CodeIgniter\CodeIgniter->createController()
 3 SYSTEMPATH\CodeIgniter.php(368): CodeIgniter\CodeIgniter->handleRequest(null, Object(Config\Cache), false)
 4 FCPATH\index.php(67): CodeIgniter\CodeIgniter->run()
WARNING - 2023-07-04 12:28:27 --> [DEPRECATED] Creation of dynamic property App\Controllers\profileController::$validation is deprecated in APPPATH\Controllers\profileController.php on line 14.
 1 SYSTEMPATH\CodeIgniter.php(906): App\Controllers\profileController->__construct()
 2 SYSTEMPATH\CodeIgniter.php(490): CodeIgniter\CodeIgniter->createController()
 3 SYSTEMPATH\CodeIgniter.php(368): CodeIgniter\CodeIgniter->handleRequest(null, Object(Config\Cache), false)
 4 FCPATH\index.php(67): CodeIgniter\CodeIgniter->run()
INFO - 2023-07-04 12:28:27 --> Session: Class initialized using 'CodeIgniter\Session\Handlers\FileHandler' driver.
WARNING - 2023-07-04 12:29:19 --> [DEPRECATED] Creation of dynamic property App\Controllers\profileController::$validation is deprecated in APPPATH\Controllers\profileController.php on line 14.
 1 SYSTEMPATH\CodeIgniter.php(906): App\Controllers\profileController->__construct()
 2 SYSTEMPATH\CodeIgniter.php(490): CodeIgniter\CodeIgniter->createController()
 3 SYSTEMPATH\CodeIgniter.php(368): CodeIgniter\CodeIgniter->handleRequest(null, Object(Config\Cache), false)
 4 FCPATH\index.php(67): CodeIgniter\CodeIgniter->run()
INFO - 2023-07-04 12:29:19 --> Session: Class initialized using 'CodeIgniter\Session\Handlers\FileHandler' driver.
WARNING - 2023-07-04 12:29:31 --> [DEPRECATED] Creation of dynamic property App\Controllers\profileController::$validation is deprecated in APPPATH\Controllers\profileController.php on line 14.
 1 SYSTEMPATH\CodeIgniter.php(906): App\Controllers\profileController->__construct()
 2 SYSTEMPATH\CodeIgniter.php(490): CodeIgniter\CodeIgniter->createController()
 3 SYSTEMPATH\CodeIgniter.php(368): CodeIgniter\CodeIgniter->handleRequest(null, Object(Config\Cache), false)
 4 FCPATH\index.php(67): CodeIgniter\CodeIgniter->run()
CRITICAL - 2023-07-04 12:29:31 --> There is no data to update.
in SYSTEMPATH\BaseModel.php on line 1680.
 1 SYSTEMPATH\BaseModel.php(1680): CodeIgniter\Database\Exceptions\DataException::forEmptyDataset('update')
 2 SYSTEMPATH\BaseModel.php(910): CodeIgniter\BaseModel->transformDataToArray(null, 'update')
 3 SYSTEMPATH\Model.php(756): CodeIgniter\BaseModel->update([...], null)
 4 APPPATH\Controllers\profileController.php(36): CodeIgniter\Model->update([...])
 5 SYSTEMPATH\CodeIgniter.php(934): App\Controllers\profileController->edit()
 6 SYSTEMPATH\CodeIgniter.php(499): CodeIgniter\CodeIgniter->runController(Object(App\Controllers\profileController))
 7 SYSTEMPATH\CodeIgniter.php(368): CodeIgniter\CodeIgniter->handleRequest(null, Object(Config\Cache), false)
 8 FCPATH\index.php(67): CodeIgniter\CodeIgniter->run()
WARNING - 2023-07-04 12:33:58 --> [DEPRECATED] Creation of dynamic property App\Controllers\profileController::$validation is deprecated in APPPATH\Controllers\profileController.php on line 14.
 1 SYSTEMPATH\CodeIgniter.php(906): App\Controllers\profileController->__construct()
 2 SYSTEMPATH\CodeIgniter.php(490): CodeIgniter\CodeIgniter->createController()
 3 SYSTEMPATH\CodeIgniter.php(368): CodeIgniter\CodeIgniter->handleRequest(null, Object(Config\Cache), false)
 4 FCPATH\index.php(67): CodeIgniter\CodeIgniter->run()
INFO - 2023-07-04 12:33:58 --> Session: Class initialized using 'CodeIgniter\Session\Handlers\FileHandler' driver.
INFO - 2023-07-04 12:34:01 --> Session: Class initialized using 'CodeIgniter\Session\Handlers\FileHandler' driver.
INFO - 2023-07-04 12:34:04 --> Session: Class initialized using 'CodeIgniter\Session\Handlers\FileHandler' driver.
INFO - 2023-07-04 12:34:04 --> Cart Class Initialized
INFO - 2023-07-04 12:34:13 --> Session: Class initialized using 'CodeIgniter\Session\Handlers\FileHandler' driver.
INFO - 2023-07-04 12:34:13 --> Session: Class initialized using 'CodeIgniter\Session\Handlers\FileHandler' driver.
INFO - 2023-07-04 12:34:25 --> Session: Class initialized using 'CodeIgniter\Session\Handlers\FileHandler' driver.
INFO - 2023-07-04 12:34:26 --> Session: Class initialized using 'CodeIgniter\Session\Handlers\FileHandler' driver.
INFO - 2023-07-04 12:34:30 --> Session: Class initialized using 'CodeIgniter\Session\Handlers\FileHandler' driver.
WARNING - 2023-07-04 12:34:30 --> [DEPRECATED] Creation of dynamic property App\Controllers\ProdukController::$validation is deprecated in APPPATH\Controllers\ProdukController.php on line 13.
 1 SYSTEMPATH\CodeIgniter.php(906): App\Controllers\ProdukController->__construct()
 2 SYSTEMPATH\CodeIgniter.php(490): CodeIgniter\CodeIgniter->createController()
 3 SYSTEMPATH\CodeIgniter.php(368): CodeIgniter\CodeIgniter->handleRequest(null, Object(Config\Cache), false)
 4 FCPATH\index.php(67): CodeIgniter\CodeIgniter->run()
INFO - 2023-07-04 13:29:00 --> Session: Class initialized using 'CodeIgniter\Session\Handlers\FileHandler' driver.
INFO - 2023-07-04 13:30:47 --> Session: Class initialized using 'CodeIgniter\Session\Handlers\FileHandler' driver.
INFO - 2023-07-04 13:32:51 --> Session: Class initialized using 'CodeIgniter\Session\Handlers\FileHandler' driver.
INFO - 2023-07-04 13:33:25 --> Session: Class initialized using 'CodeIgniter\Session\Handlers\FileHandler' driver.
INFO - 2023-07-04 13:34:27 --> Session: Class initialized using 'CodeIgniter\Session\Handlers\FileHandler' driver.
INFO - 2023-07-04 13:34:38 --> Session: Class initialized using 'CodeIgniter\Session\Handlers\FileHandler' driver.
INFO - 2023-07-04 13:34:52 --> Session: Class initialized using 'CodeIgniter\Session\Handlers\FileHandler' driver.
INFO - 2023-07-04 13:37:05 --> Session: Class initialized using 'CodeIgniter\Session\Handlers\FileHandler' driver.
INFO - 2023-07-04 13:37:05 --> Cart Class Initialized
INFO - 2023-07-04 13:37:11 --> Session: Class initialized using 'CodeIgniter\Session\Handlers\FileHandler' driver.
INFO - 2023-07-04 13:37:14 --> Session: Class initialized using 'CodeIgniter\Session\Handlers\FileHandler' driver.
INFO - 2023-07-04 13:37:14 --> Cart Class Initialized
INFO - 2023-07-04 13:37:15 --> Session: Class initialized using 'CodeIgniter\Session\Handlers\FileHandler' driver.
INFO - 2023-07-04 13:37:18 --> Session: Class initialized using 'CodeIgniter\Session\Handlers\FileHandler' driver.
INFO - 2023-07-04 13:37:18 --> Cart Class Initialized
INFO - 2023-07-04 13:37:23 --> Session: Class initialized using 'CodeIgniter\Session\Handlers\FileHandler' driver.
INFO - 2023-07-04 13:37:23 --> Cart Class Initialized
INFO - 2023-07-04 13:37:23 --> Session: Class initialized using 'CodeIgniter\Session\Handlers\FileHandler' driver.
INFO - 2023-07-04 13:37:23 --> Cart Class Initialized
INFO - 2023-07-04 19:12:01 --> Session: Class initialized using 'CodeIgniter\Session\Handlers\FileHandler' driver.
INFO - 2023-07-04 19:12:09 --> Session: Class initialized using 'CodeIgniter\Session\Handlers\FileHandler' driver.
INFO - 2023-07-04 19:12:10 --> Session: Class initialized using 'CodeIgniter\Session\Handlers\FileHandler' driver.
WARNING - 2023-07-04 19:12:48 --> [DEPRECATED] Creation of dynamic property App\Controllers\profileController::$validation is deprecated in APPPATH\Controllers\profileController.php on line 14.
 1 SYSTEMPATH\CodeIgniter.php(906): App\Controllers\profileController->__construct()
 2 SYSTEMPATH\CodeIgniter.php(490): CodeIgniter\CodeIgniter->createController()
 3 SYSTEMPATH\CodeIgniter.php(368): CodeIgniter\CodeIgniter->handleRequest(null, Object(Config\Cache), false)
 4 FCPATH\index.php(67): CodeIgniter\CodeIgniter->run()
INFO - 2023-07-04 19:12:48 --> Session: Class initialized using 'CodeIgniter\Session\Handlers\FileHandler' driver.
WARNING - 2023-07-04 19:13:19 --> [DEPRECATED] Creation of dynamic property App\Controllers\profileController::$validation is deprecated in APPPATH\Controllers\profileController.php on line 14.
 1 SYSTEMPATH\CodeIgniter.php(906): App\Controllers\profileController->__construct()
 2 SYSTEMPATH\CodeIgniter.php(490): CodeIgniter\CodeIgniter->createController()
 3 SYSTEMPATH\CodeIgniter.php(368): CodeIgniter\CodeIgniter->handleRequest(null, Object(Config\Cache), false)
 4 FCPATH\index.php(67): CodeIgniter\CodeIgniter->run()
INFO - 2023-07-04 19:13:20 --> Session: Class initialized using 'CodeIgniter\Session\Handlers\FileHandler' driver.
INFO - 2023-07-04 19:13:20 --> Session: Class initialized using 'CodeIgniter\Session\Handlers\FileHandler' driver.
WARNING - 2023-07-04 19:13:20 --> [DEPRECATED] Creation of dynamic property App\Controllers\ProdukController::$validation is deprecated in APPPATH\Controllers\ProdukController.php on line 13.
 1 SYSTEMPATH\CodeIgniter.php(906): App\Controllers\ProdukController->__construct()
 2 SYSTEMPATH\CodeIgniter.php(490): CodeIgniter\CodeIgniter->createController()
 3 SYSTEMPATH\CodeIgniter.php(368): CodeIgniter\CodeIgniter->handleRequest(null, Object(Config\Cache), false)
 4 FCPATH\index.php(67): CodeIgniter\CodeIgniter->run()
WARNING - 2023-07-04 19:14:02 --> [DEPRECATED] Creation of dynamic property App\Controllers\profileController::$validation is deprecated in APPPATH\Controllers\profileController.php on line 14.
 1 SYSTEMPATH\CodeIgniter.php(906): App\Controllers\profileController->__construct()
 2 SYSTEMPATH\CodeIgniter.php(490): CodeIgniter\CodeIgniter->createController()
 3 SYSTEMPATH\CodeIgniter.php(368): CodeIgniter\CodeIgniter->handleRequest(null, Object(Config\Cache), false)
 4 FCPATH\index.php(67): CodeIgniter\CodeIgniter->run()
INFO - 2023-07-04 19:14:02 --> Session: Class initialized using 'CodeIgniter\Session\Handlers\FileHandler' driver.
WARNING - 2023-07-04 19:14:13 --> [DEPRECATED] Creation of dynamic property App\Controllers\profileController::$validation is deprecated in APPPATH\Controllers\profileController.php on line 14.
 1 SYSTEMPATH\CodeIgniter.php(906): App\Controllers\profileController->__construct()
 2 SYSTEMPATH\CodeIgniter.php(490): CodeIgniter\CodeIgniter->createController()
 3 SYSTEMPATH\CodeIgniter.php(368): CodeIgniter\CodeIgniter->handleRequest(null, Object(Config\Cache), false)
 4 FCPATH\index.php(67): CodeIgniter\CodeIgniter->run()
CRITICAL - 2023-07-04 19:14:13 --> There is no data to update.
in SYSTEMPATH\BaseModel.php on line 1680.
 1 SYSTEMPATH\BaseModel.php(1680): CodeIgniter\Database\Exceptions\DataException::forEmptyDataset('update')
 2 SYSTEMPATH\BaseModel.php(910): CodeIgniter\BaseModel->transformDataToArray(null, 'update')
 3 SYSTEMPATH\Model.php(756): CodeIgniter\BaseModel->update([...], null)
 4 APPPATH\Controllers\profileController.php(35): CodeIgniter\Model->update([...])
 5 SYSTEMPATH\CodeIgniter.php(934): App\Controllers\profileController->edit()
 6 SYSTEMPATH\CodeIgniter.php(499): CodeIgniter\CodeIgniter->runController(Object(App\Controllers\profileController))
 7 SYSTEMPATH\CodeIgniter.php(368): CodeIgniter\CodeIgniter->handleRequest(null, Object(Config\Cache), false)
 8 FCPATH\index.php(67): CodeIgniter\CodeIgniter->run()
WARNING - 2023-07-04 21:14:25 --> [DEPRECATED] Creation of dynamic property App\Controllers\profileController::$validation is deprecated in APPPATH\Controllers\profileController.php on line 14.
 1 SYSTEMPATH\CodeIgniter.php(906): App\Controllers\profileController->__construct()
 2 SYSTEMPATH\CodeIgniter.php(490): CodeIgniter\CodeIgniter->createController()
 3 SYSTEMPATH\CodeIgniter.php(368): CodeIgniter\CodeIgniter->handleRequest(null, Object(Config\Cache), false)
 4 FCPATH\index.php(67): CodeIgniter\CodeIgniter->run()
CRITICAL - 2023-07-04 21:14:25 --> Too few arguments to function App\Controllers\profileController::edit(), 0 passed in C:\xampp  baru\htdocs\CI4\system\CodeIgniter.php on line 934 and exactly 1 expected
in APPPATH\Controllers\profileController.php on line 23.
 1 SYSTEMPATH\CodeIgniter.php(934): App\Controllers\profileController->edit()
 2 SYSTEMPATH\CodeIgniter.php(499): CodeIgniter\CodeIgniter->runController(Object(App\Controllers\profileController))
 3 SYSTEMPATH\CodeIgniter.php(368): CodeIgniter\CodeIgniter->handleRequest(null, Object(Config\Cache), false)
 4 FCPATH\index.php(67): CodeIgniter\CodeIgniter->run()
WARNING - 2023-07-04 21:15:15 --> [DEPRECATED] Creation of dynamic property App\Controllers\profileController::$validation is deprecated in APPPATH\Controllers\profileController.php on line 14.
 1 SYSTEMPATH\CodeIgniter.php(906): App\Controllers\profileController->__construct()
 2 SYSTEMPATH\CodeIgniter.php(490): CodeIgniter\CodeIgniter->createController()
 3 SYSTEMPATH\CodeIgniter.php(368): CodeIgniter\CodeIgniter->handleRequest(null, Object(Config\Cache), false)
 4 FCPATH\index.php(67): CodeIgniter\CodeIgniter->run()
CRITICAL - 2023-07-04 21:15:15 --> Too few arguments to function App\Controllers\profileController::edit(), 0 passed in C:\xampp  baru\htdocs\CI4\system\CodeIgniter.php on line 934 and exactly 1 expected
in APPPATH\Controllers\profileController.php on line 23.
 1 SYSTEMPATH\CodeIgniter.php(934): App\Controllers\profileController->edit()
 2 SYSTEMPATH\CodeIgniter.php(499): CodeIgniter\CodeIgniter->runController(Object(App\Controllers\profileController))
 3 SYSTEMPATH\CodeIgniter.php(368): CodeIgniter\CodeIgniter->handleRequest(null, Object(Config\Cache), false)
 4 FCPATH\index.php(67): CodeIgniter\CodeIgniter->run()
WARNING - 2023-07-04 21:17:58 --> [DEPRECATED] Creation of dynamic property App\Controllers\profileController::$validation is deprecated in APPPATH\Controllers\profileController.php on line 14.
 1 SYSTEMPATH\CodeIgniter.php(906): App\Controllers\profileController->__construct()
 2 SYSTEMPATH\CodeIgniter.php(490): CodeIgniter\CodeIgniter->createController()
 3 SYSTEMPATH\CodeIgniter.php(368): CodeIgniter\CodeIgniter->handleRequest(null, Object(Config\Cache), false)
 4 FCPATH\index.php(67): CodeIgniter\CodeIgniter->run()
INFO - 2023-07-04 21:17:58 --> Session: Class initialized using 'CodeIgniter\Session\Handlers\FileHandler' driver.
CRITICAL - 2023-07-04 21:17:58 --> There is no data to update.
in SYSTEMPATH\BaseModel.php on line 1680.
 1 SYSTEMPATH\BaseModel.php(1680): CodeIgniter\Database\Exceptions\DataException::forEmptyDataset('update')
 2 SYSTEMPATH\BaseModel.php(910): CodeIgniter\BaseModel->transformDataToArray(null, 'update')
 3 SYSTEMPATH\Model.php(756): CodeIgniter\BaseModel->update([...], null)
 4 APPPATH\Controllers\profileController.php(38): CodeIgniter\Model->update([...])
 5 SYSTEMPATH\CodeIgniter.php(934): App\Controllers\profileController->edit()
 6 SYSTEMPATH\CodeIgniter.php(499): CodeIgniter\CodeIgniter->runController(Object(App\Controllers\profileController))
 7 SYSTEMPATH\CodeIgniter.php(368): CodeIgniter\CodeIgniter->handleRequest(null, Object(Config\Cache), false)
 8 FCPATH\index.php(67): CodeIgniter\CodeIgniter->run()
WARNING - 2023-07-04 21:19:50 --> [DEPRECATED] Creation of dynamic property App\Controllers\profileController::$validation is deprecated in APPPATH\Controllers\profileController.php on line 14.
 1 SYSTEMPATH\CodeIgniter.php(906): App\Controllers\profileController->__construct()
 2 SYSTEMPATH\CodeIgniter.php(490): CodeIgniter\CodeIgniter->createController()
 3 SYSTEMPATH\CodeIgniter.php(368): CodeIgniter\CodeIgniter->handleRequest(null, Object(Config\Cache), false)
 4 FCPATH\index.php(67): CodeIgniter\CodeIgniter->run()
INFO - 2023-07-04 21:19:50 --> Session: Class initialized using 'CodeIgniter\Session\Handlers\FileHandler' driver.
INFO - 2023-07-04 21:19:50 --> Session: Class initialized using 'CodeIgniter\Session\Handlers\FileHandler' driver.
INFO - 2023-07-04 21:19:51 --> Session: Class initialized using 'CodeIgniter\Session\Handlers\FileHandler' driver.
INFO - 2023-07-04 21:20:03 --> Session: Class initialized using 'CodeIgniter\Session\Handlers\FileHandler' driver.
INFO - 2023-07-04 21:20:04 --> Session: Class initialized using 'CodeIgniter\Session\Handlers\FileHandler' driver.
WARNING - 2023-07-04 21:20:09 --> [DEPRECATED] Creation of dynamic property App\Controllers\profileController::$validation is deprecated in APPPATH\Controllers\profileController.php on line 14.
 1 SYSTEMPATH\CodeIgniter.php(906): App\Controllers\profileController->__construct()
 2 SYSTEMPATH\CodeIgniter.php(490): CodeIgniter\CodeIgniter->createController()
 3 SYSTEMPATH\CodeIgniter.php(368): CodeIgniter\CodeIgniter->handleRequest(null, Object(Config\Cache), false)
 4 FCPATH\index.php(67): CodeIgniter\CodeIgniter->run()
INFO - 2023-07-04 21:20:09 --> Session: Class initialized using 'CodeIgniter\Session\Handlers\FileHandler' driver.
WARNING - 2023-07-04 21:20:19 --> [DEPRECATED] Creation of dynamic property App\Controllers\profileController::$validation is deprecated in APPPATH\Controllers\profileController.php on line 14.
 1 SYSTEMPATH\CodeIgniter.php(906): App\Controllers\profileController->__construct()
 2 SYSTEMPATH\CodeIgniter.php(490): CodeIgniter\CodeIgniter->createController()
 3 SYSTEMPATH\CodeIgniter.php(368): CodeIgniter\CodeIgniter->handleRequest(null, Object(Config\Cache), false)
 4 FCPATH\index.php(67): CodeIgniter\CodeIgniter->run()
CRITICAL - 2023-07-04 21:20:19 --> Too few arguments to function App\Controllers\profileController::edit(), 0 passed in C:\xampp  baru\htdocs\CI4\system\CodeIgniter.php on line 934 and exactly 1 expected
in APPPATH\Controllers\profileController.php on line 23.
 1 SYSTEMPATH\CodeIgniter.php(934): App\Controllers\profileController->edit()
 2 SYSTEMPATH\CodeIgniter.php(499): CodeIgniter\CodeIgniter->runController(Object(App\Controllers\profileController))
 3 SYSTEMPATH\CodeIgniter.php(368): CodeIgniter\CodeIgniter->handleRequest(null, Object(Config\Cache), false)
 4 FCPATH\index.php(67): CodeIgniter\CodeIgniter->run()
WARNING - 2023-07-04 21:23:29 --> [DEPRECATED] Creation of dynamic property App\Controllers\profileController::$validation is deprecated in APPPATH\Controllers\profileController.php on line 14.
 1 SYSTEMPATH\CodeIgniter.php(906): App\Controllers\profileController->__construct()
 2 SYSTEMPATH\CodeIgniter.php(490): CodeIgniter\CodeIgniter->createController()
 3 SYSTEMPATH\CodeIgniter.php(368): CodeIgniter\CodeIgniter->handleRequest(null, Object(Config\Cache), false)
 4 FCPATH\index.php(67): CodeIgniter\CodeIgniter->run()
CRITICAL - 2023-07-04 21:23:29 --> Too few arguments to function App\Controllers\profileController::edit(), 0 passed in C:\xampp  baru\htdocs\CI4\system\CodeIgniter.php on line 934 and exactly 1 expected
in APPPATH\Controllers\profileController.php on line 23.
 1 SYSTEMPATH\CodeIgniter.php(934): App\Controllers\profileController->edit()
 2 SYSTEMPATH\CodeIgniter.php(499): CodeIgniter\CodeIgniter->runController(Object(App\Controllers\profileController))
 3 SYSTEMPATH\CodeIgniter.php(368): CodeIgniter\CodeIgniter->handleRequest(null, Object(Config\Cache), false)
 4 FCPATH\index.php(67): CodeIgniter\CodeIgniter->run()
CRITICAL - 2023-07-04 21:25:50 --> Too few arguments to function App\Controllers\profileController::edit(), 0 passed in C:\xampp  baru\htdocs\CI4\system\CodeIgniter.php on line 934 and exactly 1 expected
in APPPATH\Controllers\profileController.php on line 24.
 1 SYSTEMPATH\CodeIgniter.php(934): App\Controllers\profileController->edit()
 2 SYSTEMPATH\CodeIgniter.php(499): CodeIgniter\CodeIgniter->runController(Object(App\Controllers\profileController))
 3 SYSTEMPATH\CodeIgniter.php(368): CodeIgniter\CodeIgniter->handleRequest(null, Object(Config\Cache), false)
 4 FCPATH\index.php(67): CodeIgniter\CodeIgniter->run()
CRITICAL - 2023-07-04 21:28:25 --> Undefined variable $profileController
in APPPATH\Controllers\profileController.php on line 7.
 1 APPPATH\Controllers\profileController.php(7): CodeIgniter\Debug\Exceptions->errorHandler(2, 'Undefined variable $profileController', 'C:\\xampp  baru\\htdocs\\CI4\\app\\Controllers\\profileController.php', 7)
 2 SYSTEMPATH\Autoloader\Autoloader.php(312): include_once('C:\\xampp  baru\\htdocs\\CI4\\app\\Controllers\\profileController.php')
 3 SYSTEMPATH\Autoloader\Autoloader.php(289): CodeIgniter\Autoloader\Autoloader->includeFile('C:\\xampp  baru\\htdocs\\CI4\\app\\Controllers\\profileController.php')
 4 SYSTEMPATH\Autoloader\Autoloader.php(267): CodeIgniter\Autoloader\Autoloader->loadInNamespace('App\\Controllers\\profileController')
 5 [internal function]: CodeIgniter\Autoloader\Autoloader->loadClass('App\\Controllers\\profileController')
 6 SYSTEMPATH\CodeIgniter.php(892): class_exists('\\App\\Controllers\\profileController', true)
 7 SYSTEMPATH\CodeIgniter.php(486): CodeIgniter\CodeIgniter->startController()
 8 SYSTEMPATH\CodeIgniter.php(368): CodeIgniter\CodeIgniter->handleRequest(null, Object(Config\Cache), false)
 9 FCPATH\index.php(67): CodeIgniter\CodeIgniter->run()
CRITICAL - 2023-07-04 21:29:46 --> Undefined variable $profileController
in APPPATH\Controllers\profileController.php on line 7.
 1 APPPATH\Controllers\profileController.php(7): CodeIgniter\Debug\Exceptions->errorHandler(2, 'Undefined variable $profileController', 'C:\\xampp  baru\\htdocs\\CI4\\app\\Controllers\\profileController.php', 7)
 2 SYSTEMPATH\Autoloader\Autoloader.php(312): include_once('C:\\xampp  baru\\htdocs\\CI4\\app\\Controllers\\profileController.php')
 3 SYSTEMPATH\Autoloader\Autoloader.php(289): CodeIgniter\Autoloader\Autoloader->includeFile('C:\\xampp  baru\\htdocs\\CI4\\app\\Controllers\\profileController.php')
 4 SYSTEMPATH\Autoloader\Autoloader.php(267): CodeIgniter\Autoloader\Autoloader->loadInNamespace('App\\Controllers\\profileController')
 5 [internal function]: CodeIgniter\Autoloader\Autoloader->loadClass('App\\Controllers\\profileController')
 6 SYSTEMPATH\CodeIgniter.php(892): class_exists('\\App\\Controllers\\profileController', true)
 7 SYSTEMPATH\CodeIgniter.php(486): CodeIgniter\CodeIgniter->startController()
 8 SYSTEMPATH\CodeIgniter.php(368): CodeIgniter\CodeIgniter->handleRequest(null, Object(Config\Cache), false)
 9 FCPATH\index.php(67): CodeIgniter\CodeIgniter->run()
CRITICAL - 2023-07-04 21:31:12 --> Undefined variable $profileController
in APPPATH\Controllers\profileController.php on line 7.
 1 APPPATH\Controllers\profileController.php(7): CodeIgniter\Debug\Exceptions->errorHandler(2, 'Undefined variable $profileController', 'C:\\xampp  baru\\htdocs\\CI4\\app\\Controllers\\profileController.php', 7)
 2 SYSTEMPATH\Autoloader\Autoloader.php(312): include_once('C:\\xampp  baru\\htdocs\\CI4\\app\\Controllers\\profileController.php')
 3 SYSTEMPATH\Autoloader\Autoloader.php(289): CodeIgniter\Autoloader\Autoloader->includeFile('C:\\xampp  baru\\htdocs\\CI4\\app\\Controllers\\profileController.php')
 4 SYSTEMPATH\Autoloader\Autoloader.php(267): CodeIgniter\Autoloader\Autoloader->loadInNamespace('App\\Controllers\\profileController')
 5 [internal function]: CodeIgniter\Autoloader\Autoloader->loadClass('App\\Controllers\\profileController')
 6 SYSTEMPATH\CodeIgniter.php(892): class_exists('\\App\\Controllers\\profileController', true)
 7 SYSTEMPATH\CodeIgniter.php(486): CodeIgniter\CodeIgniter->startController()
 8 SYSTEMPATH\CodeIgniter.php(368): CodeIgniter\CodeIgniter->handleRequest(null, Object(Config\Cache), false)
 9 FCPATH\index.php(67): CodeIgniter\CodeIgniter->run()
CRITICAL - 2023-07-04 21:32:06 --> Allowed memory size of 536870912 bytes exhausted (tried to allocate 8192 bytes)
in APPPATH\Controllers\profileController.php on line 18.
 1 [internal function]: CodeIgniter\Debug\Exceptions->shutdownHandler()
