INFO - 2023-07-02 00:45:53 --> Session: Class initialized using 'CodeIgniter\Session\Handlers\FileHandler' driver.
INFO - 2023-07-02 00:45:53 --> Session: Class initialized using 'CodeIgniter\Session\Handlers\FileHandler' driver.
INFO - 2023-07-02 00:46:09 --> Session: Class initialized using 'CodeIgniter\Session\Handlers\FileHandler' driver.
INFO - 2023-07-02 00:46:09 --> Session: Class initialized using 'CodeIgniter\Session\Handlers\FileHandler' driver.
INFO - 2023-07-02 00:46:18 --> Session: Class initialized using 'CodeIgniter\Session\Handlers\FileHandler' driver.
INFO - 2023-07-02 00:46:18 --> Cart Class Initialized
INFO - 2023-07-02 00:46:22 --> Session: Class initialized using 'CodeIgniter\Session\Handlers\FileHandler' driver.
INFO - 2023-07-02 00:46:31 --> Session: Class initialized using 'CodeIgniter\Session\Handlers\FileHandler' driver.
WARNING - 2023-07-02 00:46:31 --> [DEPRECATED] Creation of dynamic property App\Controllers\ProdukController::$validation is deprecated in APPPATH\Controllers\ProdukController.php on line 13.
 1 SYSTEMPATH\CodeIgniter.php(906): App\Controllers\ProdukController->__construct()
 2 SYSTEMPATH\CodeIgniter.php(490): CodeIgniter\CodeIgniter->createController()
 3 SYSTEMPATH\CodeIgniter.php(368): CodeIgniter\CodeIgniter->handleRequest(null, Object(Config\Cache), false)
 4 FCPATH\index.php(67): CodeIgniter\CodeIgniter->run()
INFO - 2023-07-02 00:47:03 --> Session: Class initialized using 'CodeIgniter\Session\Handlers\FileHandler' driver.
WARNING - 2023-07-02 00:47:03 --> [DEPRECATED] Creation of dynamic property App\Controllers\ProdukController::$validation is deprecated in APPPATH\Controllers\ProdukController.php on line 13.
 1 SYSTEMPATH\CodeIgniter.php(906): App\Controllers\ProdukController->__construct()
 2 SYSTEMPATH\CodeIgniter.php(490): CodeIgniter\CodeIgniter->createController()
 3 SYSTEMPATH\CodeIgniter.php(368): CodeIgniter\CodeIgniter->handleRequest(null, Object(Config\Cache), false)
 4 FCPATH\index.php(67): CodeIgniter\CodeIgniter->run()
INFO - 2023-07-02 00:47:03 --> Session: Class initialized using 'CodeIgniter\Session\Handlers\FileHandler' driver.
WARNING - 2023-07-02 00:47:03 --> [DEPRECATED] Creation of dynamic property App\Controllers\ProdukController::$validation is deprecated in APPPATH\Controllers\ProdukController.php on line 13.
 1 SYSTEMPATH\CodeIgniter.php(906): App\Controllers\ProdukController->__construct()
 2 SYSTEMPATH\CodeIgniter.php(490): CodeIgniter\CodeIgniter->createController()
 3 SYSTEMPATH\CodeIgniter.php(368): CodeIgniter\CodeIgniter->handleRequest(null, Object(Config\Cache), false)
 4 FCPATH\index.php(67): CodeIgniter\CodeIgniter->run()
INFO - 2023-07-02 00:47:26 --> Session: Class initialized using 'CodeIgniter\Session\Handlers\FileHandler' driver.
WARNING - 2023-07-02 00:47:26 --> [DEPRECATED] Creation of dynamic property App\Controllers\ProdukController::$validation is deprecated in APPPATH\Controllers\ProdukController.php on line 13.
 1 SYSTEMPATH\CodeIgniter.php(906): App\Controllers\ProdukController->__construct()
 2 SYSTEMPATH\CodeIgniter.php(490): CodeIgniter\CodeIgniter->createController()
 3 SYSTEMPATH\CodeIgniter.php(368): CodeIgniter\CodeIgniter->handleRequest(null, Object(Config\Cache), false)
 4 FCPATH\index.php(67): CodeIgniter\CodeIgniter->run()
INFO - 2023-07-02 00:47:26 --> Session: Class initialized using 'CodeIgniter\Session\Handlers\FileHandler' driver.
WARNING - 2023-07-02 00:47:26 --> [DEPRECATED] Creation of dynamic property App\Controllers\ProdukController::$validation is deprecated in APPPATH\Controllers\ProdukController.php on line 13.
 1 SYSTEMPATH\CodeIgniter.php(906): App\Controllers\ProdukController->__construct()
 2 SYSTEMPATH\CodeIgniter.php(490): CodeIgniter\CodeIgniter->createController()
 3 SYSTEMPATH\CodeIgniter.php(368): CodeIgniter\CodeIgniter->handleRequest(null, Object(Config\Cache), false)
 4 FCPATH\index.php(67): CodeIgniter\CodeIgniter->run()
INFO - 2023-07-02 00:47:30 --> Session: Class initialized using 'CodeIgniter\Session\Handlers\FileHandler' driver.
INFO - 2023-07-02 00:47:30 --> Cart Class Initialized
INFO - 2023-07-02 00:47:33 --> Session: Class initialized using 'CodeIgniter\Session\Handlers\FileHandler' driver.
INFO - 2023-07-02 00:47:39 --> Session: Class initialized using 'CodeIgniter\Session\Handlers\FileHandler' driver.
WARNING - 2023-07-02 00:47:39 --> [DEPRECATED] Creation of dynamic property App\Controllers\ProdukController::$validation is deprecated in APPPATH\Controllers\ProdukController.php on line 13.
 1 SYSTEMPATH\CodeIgniter.php(906): App\Controllers\ProdukController->__construct()
 2 SYSTEMPATH\CodeIgniter.php(490): CodeIgniter\CodeIgniter->createController()
 3 SYSTEMPATH\CodeIgniter.php(368): CodeIgniter\CodeIgniter->handleRequest(null, Object(Config\Cache), false)
 4 FCPATH\index.php(67): CodeIgniter\CodeIgniter->run()
INFO - 2023-07-02 00:47:49 --> Session: Class initialized using 'CodeIgniter\Session\Handlers\FileHandler' driver.
WARNING - 2023-07-02 00:47:49 --> [DEPRECATED] Creation of dynamic property App\Controllers\ProdukController::$validation is deprecated in APPPATH\Controllers\ProdukController.php on line 13.
 1 SYSTEMPATH\CodeIgniter.php(906): App\Controllers\ProdukController->__construct()
 2 SYSTEMPATH\CodeIgniter.php(490): CodeIgniter\CodeIgniter->createController()
 3 SYSTEMPATH\CodeIgniter.php(368): CodeIgniter\CodeIgniter->handleRequest(null, Object(Config\Cache), false)
 4 FCPATH\index.php(67): CodeIgniter\CodeIgniter->run()
INFO - 2023-07-02 00:47:50 --> Session: Class initialized using 'CodeIgniter\Session\Handlers\FileHandler' driver.
WARNING - 2023-07-02 00:47:50 --> [DEPRECATED] Creation of dynamic property App\Controllers\ProdukController::$validation is deprecated in APPPATH\Controllers\ProdukController.php on line 13.
 1 SYSTEMPATH\CodeIgniter.php(906): App\Controllers\ProdukController->__construct()
 2 SYSTEMPATH\CodeIgniter.php(490): CodeIgniter\CodeIgniter->createController()
 3 SYSTEMPATH\CodeIgniter.php(368): CodeIgniter\CodeIgniter->handleRequest(null, Object(Config\Cache), false)
 4 FCPATH\index.php(67): CodeIgniter\CodeIgniter->run()
INFO - 2023-07-02 00:47:53 --> Session: Class initialized using 'CodeIgniter\Session\Handlers\FileHandler' driver.
